This file contains any messages produced by compilers while
running configure, to aid debugging if configure makes a mistake.

It was created by adept configure 2.0.5, which was
generated by GNU Autoconf 2.69.  Invocation command line was

  $ ./configure CFLAGS=-DADEPT_THREAD_LOCAL

## --------- ##
## Platform. ##
## --------- ##

hostname = ip-172-31-43-62
uname -m = x86_64
uname -r = 3.13.0-106-generic
uname -s = Linux
uname -v = #153-Ubuntu SMP Tue Dec 6 15:44:32 UTC 2016

/usr/bin/uname -p = unknown
/bin/uname -X     = unknown

/bin/arch              = unknown
/usr/bin/arch -k       = unknown
/usr/convex/getsysinfo = unknown
/usr/bin/hostinfo      = unknown
/bin/machine           = unknown
/usr/bin/oslevel       = unknown
/bin/universe          = unknown

PATH: /efs/tools/tapir-6/build/bin
PATH: /efs/tools/protobuf_c4/bin
PATH: /usr/local/sbin
PATH: /usr/local/bin
PATH: /usr/sbin
PATH: /usr/bin
PATH: /sbin
PATH: /bin
PATH: /usr/games
PATH: /usr/local/games
PATH: /usr/bin/mh
PATH: /usr/bin/mh


## ----------- ##
## Core tests. ##
## ----------- ##

configure:2565: checking for a BSD-compatible install
configure:2633: result: /usr/bin/install -c
configure:2644: checking whether build environment is sane
configure:2699: result: yes
configure:2737: WARNING: 'missing' script is too old or missing
configure:2850: checking for a thread-safe mkdir -p
configure:2889: result: /bin/mkdir -p
configure:2896: checking for gawk
configure:2912: found /usr/bin/gawk
configure:2923: result: gawk
configure:2934: checking whether make sets $(MAKE)
configure:2956: result: yes
configure:2985: checking whether make supports nested variables
configure:3002: result: yes
configure:3242: checking for C++ compiler version
configure:3251: clang++ --version >&5
clang version 5.0.0 (https://github.com/wsmoses/Tapir-Clang.git aac0e38133e28015536c59adb2b08df9458c0867) (https://github.com/wsmoses/Tapir-LLVM.git 2031611b65d67c1986af06c5f98b3c1d5e140d51)
Target: x86_64-unknown-linux-gnu
Thread model: posix
InstalledDir: /efs/tools/tapir-6/build/bin
configure:3262: $? = 0
configure:3251: clang++ -v >&5
clang version 5.0.0 (https://github.com/wsmoses/Tapir-Clang.git aac0e38133e28015536c59adb2b08df9458c0867) (https://github.com/wsmoses/Tapir-LLVM.git 2031611b65d67c1986af06c5f98b3c1d5e140d51)
Target: x86_64-unknown-linux-gnu
Thread model: posix
InstalledDir: /efs/tools/tapir-6/build/bin
Found candidate GCC installation: /usr/lib/gcc/x86_64-linux-gnu/4.8
Found candidate GCC installation: /usr/lib/gcc/x86_64-linux-gnu/4.8.5
Found candidate GCC installation: /usr/lib/gcc/x86_64-linux-gnu/4.9
Found candidate GCC installation: /usr/lib/gcc/x86_64-linux-gnu/4.9.4
Found candidate GCC installation: /usr/lib/gcc/x86_64-linux-gnu/5
Found candidate GCC installation: /usr/lib/gcc/x86_64-linux-gnu/5.4.1
... rest of stderr output deleted ...
configure:3262: $? = 0
configure:3251: clang++ -V >&5
clang-5.0: error: argument to '-V' is missing (expected 1 value)
clang-5.0: error: no input files
configure:3262: $? = 1
configure:3251: clang++ -qversion >&5
clang-5.0: error: unknown argument: '-qversion'
clang-5.0: error: no input files
configure:3262: $? = 1
configure:3282: checking whether the C++ compiler works
configure:3304: clang++    conftest.cpp  >&5
configure:3308: $? = 0
configure:3356: result: yes
configure:3359: checking for C++ compiler default output file name
configure:3361: result: a.out
configure:3367: checking for suffix of executables
configure:3374: clang++ -o conftest    conftest.cpp  >&5
configure:3378: $? = 0
configure:3400: result: 
configure:3422: checking whether we are cross compiling
configure:3430: clang++ -o conftest    conftest.cpp  >&5
configure:3434: $? = 0
configure:3441: ./conftest
configure:3445: $? = 0
configure:3460: result: no
configure:3465: checking for suffix of object files
configure:3487: clang++ -c   conftest.cpp >&5
configure:3491: $? = 0
configure:3512: result: o
configure:3516: checking whether we are using the GNU C++ compiler
configure:3535: clang++ -c   conftest.cpp >&5
configure:3535: $? = 0
configure:3544: result: yes
configure:3553: checking whether clang++ accepts -g
configure:3573: clang++ -c -g  conftest.cpp >&5
configure:3573: $? = 0
configure:3614: result: yes
configure:3648: checking for style of include used by make
configure:3676: result: GNU
configure:3702: checking dependency style of clang++
configure:3813: result: gcc3
configure:3881: checking for g77
configure:3911: result: no
configure:3881: checking for xlf
configure:3911: result: no
configure:3881: checking for f77
configure:3911: result: no
configure:3881: checking for frt
configure:3911: result: no
configure:3881: checking for pgf77
configure:3911: result: no
configure:3881: checking for cf77
configure:3911: result: no
configure:3881: checking for fort77
configure:3911: result: no
configure:3881: checking for fl32
configure:3911: result: no
configure:3881: checking for af77
configure:3911: result: no
configure:3881: checking for xlf90
configure:3911: result: no
configure:3881: checking for f90
configure:3911: result: no
configure:3881: checking for pgf90
configure:3911: result: no
configure:3881: checking for pghpf
configure:3911: result: no
configure:3881: checking for epcf90
configure:3911: result: no
configure:3881: checking for gfortran
configure:3897: found /usr/bin/gfortran
configure:3908: result: gfortran
configure:3934: checking for Fortran 77 compiler version
configure:3943: gfortran --version >&5
GNU Fortran (Ubuntu 4.8.5-4ubuntu8~14.04.2) 4.8.5
Copyright (C) 2015 Free Software Foundation, Inc.

GNU Fortran comes with NO WARRANTY, to the extent permitted by law.
You may redistribute copies of GNU Fortran
under the terms of the GNU General Public License.
For more information about these matters, see the file named COPYING

configure:3954: $? = 0
configure:3943: gfortran -v >&5
Using built-in specs.
COLLECT_GCC=gfortran
COLLECT_LTO_WRAPPER=/usr/lib/gcc/x86_64-linux-gnu/4.8/lto-wrapper
Target: x86_64-linux-gnu
Configured with: ../src/configure -v --with-pkgversion='Ubuntu 4.8.5-4ubuntu8~14.04.2' --with-bugurl=file:///usr/share/doc/gcc-4.8/README.Bugs --enable-languages=c,c++,java,go,d,fortran,objc,obj-c++ --prefix=/usr --program-suffix=-4.8 --enable-shared --enable-linker-build-id --libexecdir=/usr/lib --without-included-gettext --enable-threads=posix --with-gxx-include-dir=/usr/include/c++/4.8 --libdir=/usr/lib --enable-nls --with-sysroot=/ --enable-clocale=gnu --enable-libstdcxx-debug --enable-libstdcxx-time=yes --enable-gnu-unique-object --disable-libmudflap --enable-plugin --with-system-zlib --disable-browser-plugin --enable-java-awt=gtk --enable-gtk-cairo --with-java-home=/usr/lib/jvm/java-1.5.0-gcj-4.8-amd64/jre --enable-java-home --with-jvm-root-dir=/usr/lib/jvm/java-1.5.0-gcj-4.8-amd64 --with-jvm-jar-dir=/usr/lib/jvm-exports/java-1.5.0-gcj-4.8-amd64 --with-arch-directory=amd64 --with-ecj-jar=/usr/share/java/eclipse-ecj.jar --enable-objc-gc --enable-multiarch --disable-werror --with-arch-32=i686 --with-abi=m64 --with-multilib-list=m32,m64,mx32 --with-tune=generic --enable-checking=release --build=x86_64-linux-gnu --host=x86_64-linux-gnu --target=x86_64-linux-gnu
Thread model: posix
gcc version 4.8.5 (Ubuntu 4.8.5-4ubuntu8~14.04.2) 
configure:3954: $? = 0
configure:3943: gfortran -V >&5
gfortran: error: unrecognized command line option '-V'
gfortran: fatal error: no input files
compilation terminated.
configure:3954: $? = 4
configure:3943: gfortran -qversion >&5
gfortran: error: unrecognized command line option '-qversion'
gfortran: fatal error: no input files
compilation terminated.
configure:3954: $? = 4
configure:3963: checking whether we are using the GNU Fortran 77 compiler
configure:3976: gfortran -c  conftest.F >&5
configure:3976: $? = 0
configure:3985: result: yes
configure:3991: checking whether gfortran accepts -g
configure:4002: gfortran -c -g conftest.f >&5
configure:4002: $? = 0
configure:4010: result: yes
configure:4039: checking whether make sets $(MAKE)
configure:4061: result: yes
configure:4118: checking for gcc
configure:4134: found /usr/bin/gcc
configure:4145: result: gcc
configure:4374: checking for C compiler version
configure:4383: gcc --version >&5
gcc (Ubuntu 4.8.5-4ubuntu8~14.04.2) 4.8.5
Copyright (C) 2015 Free Software Foundation, Inc.
This is free software; see the source for copying conditions.  There is NO
warranty; not even for MERCHANTABILITY or FITNESS FOR A PARTICULAR PURPOSE.

configure:4394: $? = 0
configure:4383: gcc -v >&5
Using built-in specs.
COLLECT_GCC=gcc
COLLECT_LTO_WRAPPER=/usr/lib/gcc/x86_64-linux-gnu/4.8/lto-wrapper
Target: x86_64-linux-gnu
Configured with: ../src/configure -v --with-pkgversion='Ubuntu 4.8.5-4ubuntu8~14.04.2' --with-bugurl=file:///usr/share/doc/gcc-4.8/README.Bugs --enable-languages=c,c++,java,go,d,fortran,objc,obj-c++ --prefix=/usr --program-suffix=-4.8 --enable-shared --enable-linker-build-id --libexecdir=/usr/lib --without-included-gettext --enable-threads=posix --with-gxx-include-dir=/usr/include/c++/4.8 --libdir=/usr/lib --enable-nls --with-sysroot=/ --enable-clocale=gnu --enable-libstdcxx-debug --enable-libstdcxx-time=yes --enable-gnu-unique-object --disable-libmudflap --enable-plugin --with-system-zlib --disable-browser-plugin --enable-java-awt=gtk --enable-gtk-cairo --with-java-home=/usr/lib/jvm/java-1.5.0-gcj-4.8-amd64/jre --enable-java-home --with-jvm-root-dir=/usr/lib/jvm/java-1.5.0-gcj-4.8-amd64 --with-jvm-jar-dir=/usr/lib/jvm-exports/java-1.5.0-gcj-4.8-amd64 --with-arch-directory=amd64 --with-ecj-jar=/usr/share/java/eclipse-ecj.jar --enable-objc-gc --enable-multiarch --disable-werror --with-arch-32=i686 --with-abi=m64 --with-multilib-list=m32,m64,mx32 --with-tune=generic --enable-checking=release --build=x86_64-linux-gnu --host=x86_64-linux-gnu --target=x86_64-linux-gnu
Thread model: posix
gcc version 4.8.5 (Ubuntu 4.8.5-4ubuntu8~14.04.2) 
configure:4394: $? = 0
configure:4383: gcc -V >&5
gcc: error: unrecognized command line option '-V'
gcc: fatal error: no input files
compilation terminated.
configure:4394: $? = 4
configure:4383: gcc -qversion >&5
gcc: error: unrecognized command line option '-qversion'
gcc: fatal error: no input files
compilation terminated.
configure:4394: $? = 4
configure:4398: checking whether we are using the GNU C compiler
configure:4417: gcc -c -DADEPT_THREAD_LOCAL  conftest.c >&5
configure:4417: $? = 0
configure:4426: result: yes
configure:4435: checking whether gcc accepts -g
configure:4455: gcc -c -g  conftest.c >&5
configure:4455: $? = 0
configure:4496: result: yes
configure:4513: checking for gcc option to accept ISO C89
configure:4576: gcc  -c -DADEPT_THREAD_LOCAL  conftest.c >&5
configure:4576: $? = 0
configure:4589: result: none needed
configure:4614: checking whether gcc understands -c and -o together
configure:4636: gcc -c conftest.c -o conftest2.o
configure:4639: $? = 0
configure:4636: gcc -c conftest.c -o conftest2.o
configure:4639: $? = 0
configure:4651: result: yes
configure:4670: checking dependency style of gcc
configure:4781: result: gcc3
configure:4846: checking for ar
configure:4862: found /usr/bin/ar
configure:4873: result: ar
configure:4899: checking the archiver (ar) interface
configure:4915: gcc -c -DADEPT_THREAD_LOCAL  conftest.c >&5
configure:4915: $? = 0
configure:4917: ar cru libconftest.a conftest.o >&5
configure:4920: $? = 0
configure:4948: result: ar
configure:4997: checking build system type
configure:5011: result: x86_64-unknown-linux-gnu
configure:5031: checking host system type
configure:5044: result: x86_64-unknown-linux-gnu
configure:5085: checking how to print strings
configure:5112: result: printf
configure:5133: checking for a sed that does not truncate output
configure:5197: result: /bin/sed
configure:5215: checking for grep that handles long lines and -e
configure:5273: result: /bin/grep
configure:5278: checking for egrep
configure:5340: result: /bin/grep -E
configure:5345: checking for fgrep
configure:5407: result: /bin/grep -F
configure:5442: checking for ld used by gcc
configure:5509: result: /usr/bin/ld
configure:5516: checking if the linker (/usr/bin/ld) is GNU ld
configure:5531: result: yes
configure:5543: checking for BSD- or MS-compatible name lister (nm)
configure:5592: result: /usr/bin/nm -B
configure:5722: checking the name lister (/usr/bin/nm -B) interface
configure:5729: clang++ -c -g -O2  conftest.cpp >&5
configure:5732: /usr/bin/nm -B "conftest.o"
configure:5735: output
0000000000000000 B some_variable
configure:5742: result: BSD nm
configure:5745: checking whether ln -s works
configure:5749: result: yes
configure:5757: checking the maximum length of command line arguments
configure:5888: result: 1572864
configure:5905: checking whether the shell understands some XSI constructs
configure:5915: result: yes
configure:5919: checking whether the shell understands "+="
configure:5925: result: yes
configure:5960: checking how to convert x86_64-unknown-linux-gnu file names to x86_64-unknown-linux-gnu format
configure:6000: result: func_convert_file_noop
configure:6007: checking how to convert x86_64-unknown-linux-gnu file names to toolchain format
configure:6027: result: func_convert_file_noop
configure:6034: checking for /usr/bin/ld option to reload object files
configure:6041: result: -r
configure:6115: checking for objdump
configure:6131: found /usr/bin/objdump
configure:6142: result: objdump
configure:6174: checking how to recognize dependent libraries
configure:6372: result: pass_all
configure:6457: checking for dlltool
configure:6487: result: no
configure:6517: checking how to associate runtime and link libraries
configure:6544: result: printf %s\n
configure:6669: checking for archiver @FILE support
configure:6686: clang++ -c -g -O2  conftest.cpp >&5
configure:6686: $? = 0
configure:6689: ar cru libconftest.a @conftest.lst >&5
configure:6692: $? = 0
configure:6697: ar cru libconftest.a @conftest.lst >&5
ar: conftest.o: No such file or directory
configure:6700: $? = 1
configure:6712: result: @
configure:6770: checking for strip
configure:6786: found /usr/bin/strip
configure:6797: result: strip
configure:6869: checking for ranlib
configure:6885: found /usr/bin/ranlib
configure:6896: result: ranlib
configure:6998: checking command to parse /usr/bin/nm -B output from gcc object
configure:7118: clang++ -c -g -O2  conftest.cpp >&5
configure:7121: $? = 0
configure:7125: /usr/bin/nm -B conftest.o \| sed -n -e 's/^.*[ ]\([ABCDGIRSTW][ABCDGIRSTW]*\)[ ][ ]*\([_A-Za-z][_A-Za-z0-9]*\)$/\1 \2 \2/p' | sed '/ __gnu_lto/d' \> conftest.nm
configure:7128: $? = 0
configure:7194: clang++ -o conftest -g -O2   conftest.cpp conftstm.o >&5
configure:7197: $? = 0
configure:7235: result: ok
configure:7272: checking for sysroot
configure:7302: result: no
configure:7379: clang++ -c -g -O2  conftest.cpp >&5
configure:7382: $? = 0
configure:7571: checking for mt
configure:7587: found /bin/mt
configure:7598: result: mt
configure:7621: checking if mt is a manifest tool
configure:7627: mt '-?'
configure:7635: result: no
configure:8277: checking how to run the C preprocessor
configure:8308: gcc -E  conftest.c
configure:8308: $? = 0
configure:8322: gcc -E  conftest.c
conftest.c:11:28: fatal error: ac_nonexistent.h: No such file or directory
 #include <ac_nonexistent.h>
                            ^
compilation terminated.
configure:8322: $? = 1
configure: failed program was:
| /* confdefs.h */
| #define PACKAGE_NAME "adept"
| #define PACKAGE_TARNAME "adept"
| #define PACKAGE_VERSION "2.0.5"
| #define PACKAGE_STRING "adept 2.0.5"
| #define PACKAGE_BUGREPORT "r.j.hogan@ecmwf.int"
| #define PACKAGE_URL "http://www.met.reading.ac.uk/clouds/adept/"
| #define PACKAGE "adept"
| #define VERSION "2.0.5"
| /* end confdefs.h.  */
| #include <ac_nonexistent.h>
configure:8347: result: gcc -E
configure:8367: gcc -E  conftest.c
configure:8367: $? = 0
configure:8381: gcc -E  conftest.c
conftest.c:11:28: fatal error: ac_nonexistent.h: No such file or directory
 #include <ac_nonexistent.h>
                            ^
compilation terminated.
configure:8381: $? = 1
configure: failed program was:
| /* confdefs.h */
| #define PACKAGE_NAME "adept"
| #define PACKAGE_TARNAME "adept"
| #define PACKAGE_VERSION "2.0.5"
| #define PACKAGE_STRING "adept 2.0.5"
| #define PACKAGE_BUGREPORT "r.j.hogan@ecmwf.int"
| #define PACKAGE_URL "http://www.met.reading.ac.uk/clouds/adept/"
| #define PACKAGE "adept"
| #define VERSION "2.0.5"
| /* end confdefs.h.  */
| #include <ac_nonexistent.h>
configure:8410: checking for ANSI C header files
configure:8430: gcc -c -DADEPT_THREAD_LOCAL  conftest.c >&5
configure:8430: $? = 0
configure:8503: gcc -o conftest -DADEPT_THREAD_LOCAL   conftest.c  >&5
configure:8503: $? = 0
configure:8503: ./conftest
configure:8503: $? = 0
configure:8514: result: yes
configure:8527: checking for sys/types.h
configure:8527: gcc -c -DADEPT_THREAD_LOCAL  conftest.c >&5
configure:8527: $? = 0
configure:8527: result: yes
configure:8527: checking for sys/stat.h
configure:8527: gcc -c -DADEPT_THREAD_LOCAL  conftest.c >&5
configure:8527: $? = 0
configure:8527: result: yes
configure:8527: checking for stdlib.h
configure:8527: gcc -c -DADEPT_THREAD_LOCAL  conftest.c >&5
configure:8527: $? = 0
configure:8527: result: yes
configure:8527: checking for string.h
configure:8527: gcc -c -DADEPT_THREAD_LOCAL  conftest.c >&5
configure:8527: $? = 0
configure:8527: result: yes
configure:8527: checking for memory.h
configure:8527: gcc -c -DADEPT_THREAD_LOCAL  conftest.c >&5
configure:8527: $? = 0
configure:8527: result: yes
configure:8527: checking for strings.h
configure:8527: gcc -c -DADEPT_THREAD_LOCAL  conftest.c >&5
configure:8527: $? = 0
configure:8527: result: yes
configure:8527: checking for inttypes.h
configure:8527: gcc -c -DADEPT_THREAD_LOCAL  conftest.c >&5
configure:8527: $? = 0
configure:8527: result: yes
configure:8527: checking for stdint.h
configure:8527: gcc -c -DADEPT_THREAD_LOCAL  conftest.c >&5
configure:8527: $? = 0
configure:8527: result: yes
configure:8527: checking for unistd.h
configure:8527: gcc -c -DADEPT_THREAD_LOCAL  conftest.c >&5
configure:8527: $? = 0
configure:8527: result: yes
configure:8541: checking for dlfcn.h
configure:8541: gcc -c -DADEPT_THREAD_LOCAL  conftest.c >&5
configure:8541: $? = 0
configure:8541: result: yes
configure:8758: checking for objdir
configure:8773: result: .libs
configure:9044: checking if gcc supports -fno-rtti -fno-exceptions
configure:9062: gcc -c -DADEPT_THREAD_LOCAL  -fno-rtti -fno-exceptions conftest.c >&5
cc1: warning: command line option '-fno-rtti' is valid for C++/ObjC++ but not for C [enabled by default]
configure:9066: $? = 0
configure:9079: result: no
configure:9406: checking for gcc option to produce PIC
configure:9413: result: -fPIC -DPIC
configure:9421: checking if gcc PIC flag -fPIC -DPIC works
configure:9439: gcc -c -DADEPT_THREAD_LOCAL  -fPIC -DPIC -DPIC conftest.c >&5
configure:9443: $? = 0
configure:9456: result: yes
configure:9485: checking if gcc static flag -static works
configure:9513: result: yes
configure:9528: checking if gcc supports -c -o file.o
configure:9549: gcc -c -DADEPT_THREAD_LOCAL  -o out/conftest2.o conftest.c >&5
configure:9553: $? = 0
configure:9575: result: yes
configure:9583: checking if gcc supports -c -o file.o
configure:9630: result: yes
configure:9663: checking whether the gcc linker (/usr/bin/ld -m elf_x86_64) supports shared libraries
configure:10820: result: yes
configure:10857: checking whether -lc should be explicitly linked in
configure:10865: gcc -c -DADEPT_THREAD_LOCAL  conftest.c >&5
configure:10868: $? = 0
configure:10883: gcc -shared  -fPIC -DPIC conftest.o  -v -Wl,-soname -Wl,conftest -o conftest 2\>\&1 \| /bin/grep  -lc  \>/dev/null 2\>\&1
configure:10886: $? = 0
configure:10900: result: no
configure:11060: checking dynamic linker characteristics
configure:11560: gcc -o conftest -DADEPT_THREAD_LOCAL   -Wl,-rpath -Wl,/foo conftest.c  >&5
configure:11560: $? = 0
configure:11794: result: GNU/Linux ld.so
configure:11901: checking how to hardcode library paths into programs
configure:11926: result: immediate
configure:12466: checking whether stripping libraries is possible
configure:12471: result: yes
configure:12506: checking if libtool supports shared libraries
configure:12508: result: yes
configure:12511: checking whether to build shared libraries
configure:12532: result: yes
configure:12535: checking whether to build static libraries
configure:12539: result: yes
configure:12562: checking how to run the C++ preprocessor
configure:12589: clang++ -E  conftest.cpp
configure:12589: $? = 0
configure:12603: clang++ -E  conftest.cpp
conftest.cpp:23:10: fatal error: 'ac_nonexistent.h' file not found
#include <ac_nonexistent.h>
         ^~~~~~~~~~~~~~~~~~
1 error generated.
configure:12603: $? = 1
configure: failed program was:
| /* confdefs.h */
| #define PACKAGE_NAME "adept"
| #define PACKAGE_TARNAME "adept"
| #define PACKAGE_VERSION "2.0.5"
| #define PACKAGE_STRING "adept 2.0.5"
| #define PACKAGE_BUGREPORT "r.j.hogan@ecmwf.int"
| #define PACKAGE_URL "http://www.met.reading.ac.uk/clouds/adept/"
| #define PACKAGE "adept"
| #define VERSION "2.0.5"
| #define STDC_HEADERS 1
| #define HAVE_SYS_TYPES_H 1
| #define HAVE_SYS_STAT_H 1
| #define HAVE_STDLIB_H 1
| #define HAVE_STRING_H 1
| #define HAVE_MEMORY_H 1
| #define HAVE_STRINGS_H 1
| #define HAVE_INTTYPES_H 1
| #define HAVE_STDINT_H 1
| #define HAVE_UNISTD_H 1
| #define HAVE_DLFCN_H 1
| #define LT_OBJDIR ".libs/"
| /* end confdefs.h.  */
| #include <ac_nonexistent.h>
configure:12628: result: clang++ -E
configure:12648: clang++ -E  conftest.cpp
configure:12648: $? = 0
configure:12662: clang++ -E  conftest.cpp
conftest.cpp:23:10: fatal error: 'ac_nonexistent.h' file not found
#include <ac_nonexistent.h>
         ^~~~~~~~~~~~~~~~~~
1 error generated.
configure:12662: $? = 1
configure: failed program was:
| /* confdefs.h */
| #define PACKAGE_NAME "adept"
| #define PACKAGE_TARNAME "adept"
| #define PACKAGE_VERSION "2.0.5"
| #define PACKAGE_STRING "adept 2.0.5"
| #define PACKAGE_BUGREPORT "r.j.hogan@ecmwf.int"
| #define PACKAGE_URL "http://www.met.reading.ac.uk/clouds/adept/"
| #define PACKAGE "adept"
| #define VERSION "2.0.5"
| #define STDC_HEADERS 1
| #define HAVE_SYS_TYPES_H 1
| #define HAVE_SYS_STAT_H 1
| #define HAVE_STDLIB_H 1
| #define HAVE_STRING_H 1
| #define HAVE_MEMORY_H 1
| #define HAVE_STRINGS_H 1
| #define HAVE_INTTYPES_H 1
| #define HAVE_STDINT_H 1
| #define HAVE_UNISTD_H 1
| #define HAVE_DLFCN_H 1
| #define LT_OBJDIR ".libs/"
| /* end confdefs.h.  */
| #include <ac_nonexistent.h>
configure:12831: checking for ld used by clang++
configure:12898: result: /usr/bin/ld -m elf_x86_64
configure:12905: checking if the linker (/usr/bin/ld -m elf_x86_64) is GNU ld
configure:12920: result: yes
configure:12975: checking whether the clang++ linker (/usr/bin/ld -m elf_x86_64) supports shared libraries
configure:13977: result: yes
configure:14013: clang++ -c -g -O2  conftest.cpp >&5
configure:14016: $? = 0
configure:14536: checking for clang++ option to produce PIC
configure:14543: result: -fPIC -DPIC
configure:14551: checking if clang++ PIC flag -fPIC -DPIC works
configure:14569: clang++ -c -g -O2  -fPIC -DPIC -DPIC conftest.cpp >&5
configure:14573: $? = 0
configure:14586: result: yes
configure:14609: checking if clang++ static flag -static works
configure:14637: result: yes
configure:14649: checking if clang++ supports -c -o file.o
configure:14670: clang++ -c -g -O2  -o out/conftest2.o conftest.cpp >&5
configure:14674: $? = 0
configure:14696: result: yes
configure:14701: checking if clang++ supports -c -o file.o
configure:14748: result: yes
configure:14778: checking whether the clang++ linker (/usr/bin/ld -m elf_x86_64) supports shared libraries
configure:14817: result: yes
configure:14958: checking dynamic linker characteristics
configure:15626: result: GNU/Linux ld.so
configure:15679: checking how to hardcode library paths into programs
configure:15704: result: immediate
configure:15852: checking if libtool supports shared libraries
configure:15854: result: yes
configure:15857: checking whether to build shared libraries
configure:15877: result: yes
configure:15880: checking whether to build static libraries
configure:15884: result: yes
configure:16205: checking for gfortran option to produce PIC
configure:16212: result: -fPIC
configure:16220: checking if gfortran PIC flag -fPIC works
configure:16238: gfortran -c -g -O2 -fPIC conftest.f >&5
configure:16242: $? = 0
configure:16255: result: yes
configure:16278: checking if gfortran static flag -static works
configure:16306: result: yes
configure:16318: checking if gfortran supports -c -o file.o
configure:16339: gfortran -c -g -O2 -o out/conftest2.o conftest.f >&5
configure:16343: $? = 0
configure:16365: result: yes
configure:16370: checking if gfortran supports -c -o file.o
configure:16417: result: yes
configure:16447: checking whether the gfortran linker (/usr/bin/ld -m elf_x86_64) supports shared libraries
configure:17554: result: yes
configure:17695: checking dynamic linker characteristics
configure:18357: result: GNU/Linux ld.so
configure:18410: checking how to hardcode library paths into programs
configure:18435: result: immediate
configure:18492: checking sys/time.h usability
configure:18492: clang++ -c -g -O2  conftest.cpp >&5
configure:18492: $? = 0
configure:18492: result: yes
configure:18492: checking sys/time.h presence
configure:18492: clang++ -E  conftest.cpp
configure:18492: $? = 0
configure:18492: result: yes
configure:18492: checking for sys/time.h
configure:18492: result: yes
configure:18505: checking for gettimeofday
configure:18505: clang++ -o conftest -g -O2   conftest.cpp  >&5
configure:18505: $? = 0
configure:18505: result: yes
configure:18505: checking for pow
configure:18505: clang++ -o conftest -g -O2   conftest.cpp  >&5
configure:18505: $? = 0
configure:18505: result: yes
configure:18505: checking for sqrt
configure:18505: clang++ -o conftest -g -O2   conftest.cpp  >&5
configure:18505: $? = 0
configure:18505: result: yes
configure:18524: checking for clang++ option to support OpenMP
configure:18539: clang++ -o conftest -g -O2   conftest.cpp  >&5
conftest.cpp:29:2: error: unknown type name 'choke'
 choke me
 ^
conftest.cpp:31:10: fatal error: 'omp.h' file not found
#include <omp.h>
         ^~~~~~~
2 errors generated.
configure:18539: $? = 1
configure: failed program was:
| /* confdefs.h */
| #define PACKAGE_NAME "adept"
| #define PACKAGE_TARNAME "adept"
| #define PACKAGE_VERSION "2.0.5"
| #define PACKAGE_STRING "adept 2.0.5"
| #define PACKAGE_BUGREPORT "r.j.hogan@ecmwf.int"
| #define PACKAGE_URL "http://www.met.reading.ac.uk/clouds/adept/"
| #define PACKAGE "adept"
| #define VERSION "2.0.5"
| #define STDC_HEADERS 1
| #define HAVE_SYS_TYPES_H 1
| #define HAVE_SYS_STAT_H 1
| #define HAVE_STDLIB_H 1
| #define HAVE_STRING_H 1
| #define HAVE_MEMORY_H 1
| #define HAVE_STRINGS_H 1
| #define HAVE_INTTYPES_H 1
| #define HAVE_STDINT_H 1
| #define HAVE_UNISTD_H 1
| #define HAVE_DLFCN_H 1
| #define LT_OBJDIR ".libs/"
| #define HAVE_SYS_TIME_H 1
| #define HAVE_GETTIMEOFDAY 1
| #define HAVE_POW 1
| #define HAVE_SQRT 1
| /* end confdefs.h.  */
| 
| #ifndef _OPENMP
|  choke me
| #endif
| #include <omp.h>
| int main () { return omp_get_num_threads (); }
| 
configure:18557: clang++ -o conftest -g -O2 -fopenmp   conftest.cpp  >&5
conftest.cpp:31:10: fatal error: 'omp.h' file not found
#include <omp.h>
         ^~~~~~~
1 error generated.
configure:18557: $? = 1
configure: failed program was:
| /* confdefs.h */
| #define PACKAGE_NAME "adept"
| #define PACKAGE_TARNAME "adept"
| #define PACKAGE_VERSION "2.0.5"
| #define PACKAGE_STRING "adept 2.0.5"
| #define PACKAGE_BUGREPORT "r.j.hogan@ecmwf.int"
| #define PACKAGE_URL "http://www.met.reading.ac.uk/clouds/adept/"
| #define PACKAGE "adept"
| #define VERSION "2.0.5"
| #define STDC_HEADERS 1
| #define HAVE_SYS_TYPES_H 1
| #define HAVE_SYS_STAT_H 1
| #define HAVE_STDLIB_H 1
| #define HAVE_STRING_H 1
| #define HAVE_MEMORY_H 1
| #define HAVE_STRINGS_H 1
| #define HAVE_INTTYPES_H 1
| #define HAVE_STDINT_H 1
| #define HAVE_UNISTD_H 1
| #define HAVE_DLFCN_H 1
| #define LT_OBJDIR ".libs/"
| #define HAVE_SYS_TIME_H 1
| #define HAVE_GETTIMEOFDAY 1
| #define HAVE_POW 1
| #define HAVE_SQRT 1
| /* end confdefs.h.  */
| 
| #ifndef _OPENMP
|  choke me
| #endif
| #include <omp.h>
| int main () { return omp_get_num_threads (); }
| 
configure:18557: clang++ -o conftest -g -O2 -xopenmp   conftest.cpp  >&5
clang-5.0: error: language not recognized: 'openmp'
configure:18557: $? = 1
configure: failed program was:
| /* confdefs.h */
| #define PACKAGE_NAME "adept"
| #define PACKAGE_TARNAME "adept"
| #define PACKAGE_VERSION "2.0.5"
| #define PACKAGE_STRING "adept 2.0.5"
| #define PACKAGE_BUGREPORT "r.j.hogan@ecmwf.int"
| #define PACKAGE_URL "http://www.met.reading.ac.uk/clouds/adept/"
| #define PACKAGE "adept"
| #define VERSION "2.0.5"
| #define STDC_HEADERS 1
| #define HAVE_SYS_TYPES_H 1
| #define HAVE_SYS_STAT_H 1
| #define HAVE_STDLIB_H 1
| #define HAVE_STRING_H 1
| #define HAVE_MEMORY_H 1
| #define HAVE_STRINGS_H 1
| #define HAVE_INTTYPES_H 1
| #define HAVE_STDINT_H 1
| #define HAVE_UNISTD_H 1
| #define HAVE_DLFCN_H 1
| #define LT_OBJDIR ".libs/"
| #define HAVE_SYS_TIME_H 1
| #define HAVE_GETTIMEOFDAY 1
| #define HAVE_POW 1
| #define HAVE_SQRT 1
| /* end confdefs.h.  */
| 
| #ifndef _OPENMP
|  choke me
| #endif
| #include <omp.h>
| int main () { return omp_get_num_threads (); }
| 
configure:18557: clang++ -o conftest -g -O2 -openmp   conftest.cpp  >&5
conftest.cpp:29:2: error: unknown type name 'choke'
 choke me
 ^
conftest.cpp:31:10: fatal error: 'omp.h' file not found
#include <omp.h>
         ^~~~~~~
2 errors generated.
configure:18557: $? = 1
configure: failed program was:
| /* confdefs.h */
| #define PACKAGE_NAME "adept"
| #define PACKAGE_TARNAME "adept"
| #define PACKAGE_VERSION "2.0.5"
| #define PACKAGE_STRING "adept 2.0.5"
| #define PACKAGE_BUGREPORT "r.j.hogan@ecmwf.int"
| #define PACKAGE_URL "http://www.met.reading.ac.uk/clouds/adept/"
| #define PACKAGE "adept"
| #define VERSION "2.0.5"
| #define STDC_HEADERS 1
| #define HAVE_SYS_TYPES_H 1
| #define HAVE_SYS_STAT_H 1
| #define HAVE_STDLIB_H 1
| #define HAVE_STRING_H 1
| #define HAVE_MEMORY_H 1
| #define HAVE_STRINGS_H 1
| #define HAVE_INTTYPES_H 1
| #define HAVE_STDINT_H 1
| #define HAVE_UNISTD_H 1
| #define HAVE_DLFCN_H 1
| #define LT_OBJDIR ".libs/"
| #define HAVE_SYS_TIME_H 1
| #define HAVE_GETTIMEOFDAY 1
| #define HAVE_POW 1
| #define HAVE_SQRT 1
| /* end confdefs.h.  */
| 
| #ifndef _OPENMP
|  choke me
| #endif
| #include <omp.h>
| int main () { return omp_get_num_threads (); }
| 
configure:18557: clang++ -o conftest -g -O2 -mp   conftest.cpp  >&5
clang-5.0: error: unknown argument: '-mp'
configure:18557: $? = 1
configure: failed program was:
| /* confdefs.h */
| #define PACKAGE_NAME "adept"
| #define PACKAGE_TARNAME "adept"
| #define PACKAGE_VERSION "2.0.5"
| #define PACKAGE_STRING "adept 2.0.5"
| #define PACKAGE_BUGREPORT "r.j.hogan@ecmwf.int"
| #define PACKAGE_URL "http://www.met.reading.ac.uk/clouds/adept/"
| #define PACKAGE "adept"
| #define VERSION "2.0.5"
| #define STDC_HEADERS 1
| #define HAVE_SYS_TYPES_H 1
| #define HAVE_SYS_STAT_H 1
| #define HAVE_STDLIB_H 1
| #define HAVE_STRING_H 1
| #define HAVE_MEMORY_H 1
| #define HAVE_STRINGS_H 1
| #define HAVE_INTTYPES_H 1
| #define HAVE_STDINT_H 1
| #define HAVE_UNISTD_H 1
| #define HAVE_DLFCN_H 1
| #define LT_OBJDIR ".libs/"
| #define HAVE_SYS_TIME_H 1
| #define HAVE_GETTIMEOFDAY 1
| #define HAVE_POW 1
| #define HAVE_SQRT 1
| /* end confdefs.h.  */
| 
| #ifndef _OPENMP
|  choke me
| #endif
| #include <omp.h>
| int main () { return omp_get_num_threads (); }
| 
configure:18557: clang++ -o conftest -g -O2 -omp   conftest.cpp  >&5
conftest.cpp:29:2: error: unknown type name 'choke'
 choke me
 ^
conftest.cpp:31:10: fatal error: 'omp.h' file not found
#include <omp.h>
         ^~~~~~~
2 errors generated.
configure:18557: $? = 1
configure: failed program was:
| /* confdefs.h */
| #define PACKAGE_NAME "adept"
| #define PACKAGE_TARNAME "adept"
| #define PACKAGE_VERSION "2.0.5"
| #define PACKAGE_STRING "adept 2.0.5"
| #define PACKAGE_BUGREPORT "r.j.hogan@ecmwf.int"
| #define PACKAGE_URL "http://www.met.reading.ac.uk/clouds/adept/"
| #define PACKAGE "adept"
| #define VERSION "2.0.5"
| #define STDC_HEADERS 1
| #define HAVE_SYS_TYPES_H 1
| #define HAVE_SYS_STAT_H 1
| #define HAVE_STDLIB_H 1
| #define HAVE_STRING_H 1
| #define HAVE_MEMORY_H 1
| #define HAVE_STRINGS_H 1
| #define HAVE_INTTYPES_H 1
| #define HAVE_STDINT_H 1
| #define HAVE_UNISTD_H 1
| #define HAVE_DLFCN_H 1
| #define LT_OBJDIR ".libs/"
| #define HAVE_SYS_TIME_H 1
| #define HAVE_GETTIMEOFDAY 1
| #define HAVE_POW 1
| #define HAVE_SQRT 1
| /* end confdefs.h.  */
| 
| #ifndef _OPENMP
|  choke me
| #endif
| #include <omp.h>
| int main () { return omp_get_num_threads (); }
| 
configure:18557: clang++ -o conftest -g -O2 -qsmp=omp   conftest.cpp  >&5
clang-5.0: error: unknown argument: '-qsmp=omp'
configure:18557: $? = 1
configure: failed program was:
| /* confdefs.h */
| #define PACKAGE_NAME "adept"
| #define PACKAGE_TARNAME "adept"
| #define PACKAGE_VERSION "2.0.5"
| #define PACKAGE_STRING "adept 2.0.5"
| #define PACKAGE_BUGREPORT "r.j.hogan@ecmwf.int"
| #define PACKAGE_URL "http://www.met.reading.ac.uk/clouds/adept/"
| #define PACKAGE "adept"
| #define VERSION "2.0.5"
| #define STDC_HEADERS 1
| #define HAVE_SYS_TYPES_H 1
| #define HAVE_SYS_STAT_H 1
| #define HAVE_STDLIB_H 1
| #define HAVE_STRING_H 1
| #define HAVE_MEMORY_H 1
| #define HAVE_STRINGS_H 1
| #define HAVE_INTTYPES_H 1
| #define HAVE_STDINT_H 1
| #define HAVE_UNISTD_H 1
| #define HAVE_DLFCN_H 1
| #define LT_OBJDIR ".libs/"
| #define HAVE_SYS_TIME_H 1
| #define HAVE_GETTIMEOFDAY 1
| #define HAVE_POW 1
| #define HAVE_SQRT 1
| /* end confdefs.h.  */
| 
| #ifndef _OPENMP
|  choke me
| #endif
| #include <omp.h>
| int main () { return omp_get_num_threads (); }
| 
configure:18557: clang++ -o conftest -g -O2 -homp   conftest.cpp  >&5
clang-5.0: error: unknown argument: '-homp'
configure:18557: $? = 1
configure: failed program was:
| /* confdefs.h */
| #define PACKAGE_NAME "adept"
| #define PACKAGE_TARNAME "adept"
| #define PACKAGE_VERSION "2.0.5"
| #define PACKAGE_STRING "adept 2.0.5"
| #define PACKAGE_BUGREPORT "r.j.hogan@ecmwf.int"
| #define PACKAGE_URL "http://www.met.reading.ac.uk/clouds/adept/"
| #define PACKAGE "adept"
| #define VERSION "2.0.5"
| #define STDC_HEADERS 1
| #define HAVE_SYS_TYPES_H 1
| #define HAVE_SYS_STAT_H 1
| #define HAVE_STDLIB_H 1
| #define HAVE_STRING_H 1
| #define HAVE_MEMORY_H 1
| #define HAVE_STRINGS_H 1
| #define HAVE_INTTYPES_H 1
| #define HAVE_STDINT_H 1
| #define HAVE_UNISTD_H 1
| #define HAVE_DLFCN_H 1
| #define LT_OBJDIR ".libs/"
| #define HAVE_SYS_TIME_H 1
| #define HAVE_GETTIMEOFDAY 1
| #define HAVE_POW 1
| #define HAVE_SQRT 1
| /* end confdefs.h.  */
| 
| #ifndef _OPENMP
|  choke me
| #endif
| #include <omp.h>
| int main () { return omp_get_num_threads (); }
| 
configure:18557: clang++ -o conftest -g -O2 -Popenmp   conftest.cpp  >&5
clang-5.0: error: unknown argument: '-Popenmp'
configure:18557: $? = 1
configure: failed program was:
| /* confdefs.h */
| #define PACKAGE_NAME "adept"
| #define PACKAGE_TARNAME "adept"
| #define PACKAGE_VERSION "2.0.5"
| #define PACKAGE_STRING "adept 2.0.5"
| #define PACKAGE_BUGREPORT "r.j.hogan@ecmwf.int"
| #define PACKAGE_URL "http://www.met.reading.ac.uk/clouds/adept/"
| #define PACKAGE "adept"
| #define VERSION "2.0.5"
| #define STDC_HEADERS 1
| #define HAVE_SYS_TYPES_H 1
| #define HAVE_SYS_STAT_H 1
| #define HAVE_STDLIB_H 1
| #define HAVE_STRING_H 1
| #define HAVE_MEMORY_H 1
| #define HAVE_STRINGS_H 1
| #define HAVE_INTTYPES_H 1
| #define HAVE_STDINT_H 1
| #define HAVE_UNISTD_H 1
| #define HAVE_DLFCN_H 1
| #define LT_OBJDIR ".libs/"
| #define HAVE_SYS_TIME_H 1
| #define HAVE_GETTIMEOFDAY 1
| #define HAVE_POW 1
| #define HAVE_SQRT 1
| /* end confdefs.h.  */
| 
| #ifndef _OPENMP
|  choke me
| #endif
| #include <omp.h>
| int main () { return omp_get_num_threads (); }
| 
configure:18557: clang++ -o conftest -g -O2 --openmp   conftest.cpp  >&5
clang-5.0: error: unsupported option '--openmp'
configure:18557: $? = 1
configure: failed program was:
| /* confdefs.h */
| #define PACKAGE_NAME "adept"
| #define PACKAGE_TARNAME "adept"
| #define PACKAGE_VERSION "2.0.5"
| #define PACKAGE_STRING "adept 2.0.5"
| #define PACKAGE_BUGREPORT "r.j.hogan@ecmwf.int"
| #define PACKAGE_URL "http://www.met.reading.ac.uk/clouds/adept/"
| #define PACKAGE "adept"
| #define VERSION "2.0.5"
| #define STDC_HEADERS 1
| #define HAVE_SYS_TYPES_H 1
| #define HAVE_SYS_STAT_H 1
| #define HAVE_STDLIB_H 1
| #define HAVE_STRING_H 1
| #define HAVE_MEMORY_H 1
| #define HAVE_STRINGS_H 1
| #define HAVE_INTTYPES_H 1
| #define HAVE_STDINT_H 1
| #define HAVE_UNISTD_H 1
| #define HAVE_DLFCN_H 1
| #define LT_OBJDIR ".libs/"
| #define HAVE_SYS_TIME_H 1
| #define HAVE_GETTIMEOFDAY 1
| #define HAVE_POW 1
| #define HAVE_SQRT 1
| /* end confdefs.h.  */
| 
| #ifndef _OPENMP
|  choke me
| #endif
| #include <omp.h>
| int main () { return omp_get_num_threads (); }
| 
configure:18571: result: unsupported
configure:18593: checking how to get verbose linking output from gfortran
configure:18603: gfortran -c -g -O2 conftest.f >&5
configure:18603: $? = 0
configure:18621: gfortran -o conftest -g -O2 -v conftest.f
Using built-in specs.
Target: x86_64-linux-gnu
Thread model: posix
gcc version 4.8.5 (Ubuntu 4.8.5-4ubuntu8~14.04.2) 
 /usr/lib/gcc/x86_64-linux-gnu/4.8/f951 conftest.f -ffixed-form -quiet -dumpbase conftest.f -mtune=generic -march=x86-64 -auxbase conftest -g -O2 -version -fintrinsic-modules-path /usr/lib/gcc/x86_64-linux-gnu/4.8/finclude -o /tmp/ccZoG5Ha.s
GNU Fortran (Ubuntu 4.8.5-4ubuntu8~14.04.2) version 4.8.5 (x86_64-linux-gnu)
	compiled by GNU C version 4.8.5, GMP version 5.1.3, MPFR version 3.1.3, MPC version 1.0.1
GGC heuristics: --param ggc-min-expand=100 --param ggc-min-heapsize=131072
GNU Fortran (Ubuntu 4.8.5-4ubuntu8~14.04.2) version 4.8.5 (x86_64-linux-gnu)
	compiled by GNU C version 4.8.5, GMP version 5.1.3, MPFR version 3.1.3, MPC version 1.0.1
GGC heuristics: --param ggc-min-expand=100 --param ggc-min-heapsize=131072
 as -v --64 -o /tmp/ccX6SnHC.o /tmp/ccZoG5Ha.s
GNU assembler version 2.24 (x86_64-linux-gnu) using BFD version (GNU Binutils for Ubuntu) 2.24
Reading specs from /usr/lib/gcc/x86_64-linux-gnu/4.8/libgfortran.spec
rename spec lib to liborig
 /usr/lib/gcc/x86_64-linux-gnu/4.8/collect2 --sysroot=/ --build-id --eh-frame-hdr -m elf_x86_64 --hash-style=gnu --as-needed -dynamic-linker /lib64/ld-linux-x86-64.so.2 -z relro -o conftest /usr/lib/gcc/x86_64-linux-gnu/4.8/../../../x86_64-linux-gnu/crt1.o /usr/lib/gcc/x86_64-linux-gnu/4.8/../../../x86_64-linux-gnu/crti.o /usr/lib/gcc/x86_64-linux-gnu/4.8/crtbegin.o -L/usr/lib/gcc/x86_64-linux-gnu/4.8 -L/usr/lib/gcc/x86_64-linux-gnu/4.8/../../../x86_64-linux-gnu -L/usr/lib/gcc/x86_64-linux-gnu/4.8/../../../../lib -L/lib/x86_64-linux-gnu -L/lib/../lib -L/usr/lib/x86_64-linux-gnu -L/usr/lib/../lib -L/usr/lib/gcc/x86_64-linux-gnu/4.8/../../.. /tmp/ccX6SnHC.o -lgfortran -lm -lgcc_s -lgcc -lquadmath -lm -lgcc_s -lgcc -lc -lgcc_s -lgcc /usr/lib/gcc/x86_64-linux-gnu/4.8/crtend.o /usr/lib/gcc/x86_64-linux-gnu/4.8/../../../x86_64-linux-gnu/crtn.o
configure:18704: result: -v
configure:18706: checking for Fortran 77 libraries of gfortran
configure:18729: gfortran -o conftest -g -O2 -v conftest.f
Using built-in specs.
Target: x86_64-linux-gnu
Thread model: posix
gcc version 4.8.5 (Ubuntu 4.8.5-4ubuntu8~14.04.2) 
 /usr/lib/gcc/x86_64-linux-gnu/4.8/f951 conftest.f -ffixed-form -quiet -dumpbase conftest.f -mtune=generic -march=x86-64 -auxbase conftest -g -O2 -version -fintrinsic-modules-path /usr/lib/gcc/x86_64-linux-gnu/4.8/finclude -o /tmp/ccUOL8xH.s
GNU Fortran (Ubuntu 4.8.5-4ubuntu8~14.04.2) version 4.8.5 (x86_64-linux-gnu)
	compiled by GNU C version 4.8.5, GMP version 5.1.3, MPFR version 3.1.3, MPC version 1.0.1
GGC heuristics: --param ggc-min-expand=100 --param ggc-min-heapsize=131072
GNU Fortran (Ubuntu 4.8.5-4ubuntu8~14.04.2) version 4.8.5 (x86_64-linux-gnu)
	compiled by GNU C version 4.8.5, GMP version 5.1.3, MPFR version 3.1.3, MPC version 1.0.1
GGC heuristics: --param ggc-min-expand=100 --param ggc-min-heapsize=131072
 as -v --64 -o /tmp/ccxk7llb.o /tmp/ccUOL8xH.s
GNU assembler version 2.24 (x86_64-linux-gnu) using BFD version (GNU Binutils for Ubuntu) 2.24
Reading specs from /usr/lib/gcc/x86_64-linux-gnu/4.8/libgfortran.spec
rename spec lib to liborig
 /usr/lib/gcc/x86_64-linux-gnu/4.8/collect2 --sysroot=/ --build-id --eh-frame-hdr -m elf_x86_64 --hash-style=gnu --as-needed -dynamic-linker /lib64/ld-linux-x86-64.so.2 -z relro -o conftest /usr/lib/gcc/x86_64-linux-gnu/4.8/../../../x86_64-linux-gnu/crt1.o /usr/lib/gcc/x86_64-linux-gnu/4.8/../../../x86_64-linux-gnu/crti.o /usr/lib/gcc/x86_64-linux-gnu/4.8/crtbegin.o -L/usr/lib/gcc/x86_64-linux-gnu/4.8 -L/usr/lib/gcc/x86_64-linux-gnu/4.8/../../../x86_64-linux-gnu -L/usr/lib/gcc/x86_64-linux-gnu/4.8/../../../../lib -L/lib/x86_64-linux-gnu -L/lib/../lib -L/usr/lib/x86_64-linux-gnu -L/usr/lib/../lib -L/usr/lib/gcc/x86_64-linux-gnu/4.8/../../.. /tmp/ccxk7llb.o -lgfortran -lm -lgcc_s -lgcc -lquadmath -lm -lgcc_s -lgcc -lc -lgcc_s -lgcc /usr/lib/gcc/x86_64-linux-gnu/4.8/crtend.o /usr/lib/gcc/x86_64-linux-gnu/4.8/../../../x86_64-linux-gnu/crtn.o
configure:18925: result:  -L/usr/lib/gcc/x86_64-linux-gnu/4.8 -L/usr/lib/gcc/x86_64-linux-gnu/4.8/../../../x86_64-linux-gnu -L/usr/lib/gcc/x86_64-linux-gnu/4.8/../../../../lib -L/lib/x86_64-linux-gnu -L/lib/../lib -L/usr/lib/x86_64-linux-gnu -L/usr/lib/../lib -L/usr/lib/gcc/x86_64-linux-gnu/4.8/../../.. -lgfortran -lm -lquadmath
configure:18942: checking for dummy main to link with Fortran 77 libraries
configure:18976: gcc -o conftest -DADEPT_THREAD_LOCAL   conftest.c   -L/usr/lib/gcc/x86_64-linux-gnu/4.8 -L/usr/lib/gcc/x86_64-linux-gnu/4.8/../../../x86_64-linux-gnu -L/usr/lib/gcc/x86_64-linux-gnu/4.8/../../../../lib -L/lib/x86_64-linux-gnu -L/lib/../lib -L/usr/lib/x86_64-linux-gnu -L/usr/lib/../lib -L/usr/lib/gcc/x86_64-linux-gnu/4.8/../../.. -lgfortran -lm -lquadmath >&5
configure:18976: $? = 0
configure:19021: result: none
configure:19054: checking for Fortran 77 name-mangling scheme
configure:19067: gfortran -c -g -O2 conftest.f >&5
configure:19067: $? = 0
configure:19108: gcc -o conftest -DADEPT_THREAD_LOCAL   conftest.c cfortran_test.o   -L/usr/lib/gcc/x86_64-linux-gnu/4.8 -L/usr/lib/gcc/x86_64-linux-gnu/4.8/../../../x86_64-linux-gnu -L/usr/lib/gcc/x86_64-linux-gnu/4.8/../../../../lib -L/lib/x86_64-linux-gnu -L/lib/../lib -L/usr/lib/x86_64-linux-gnu -L/usr/lib/../lib -L/usr/lib/gcc/x86_64-linux-gnu/4.8/../../.. -lgfortran -lm -lquadmath >&5
/tmp/ccyqOC4V.o: In function `main':
conftest.c:(.text+0xa): undefined reference to `foobar'
collect2: error: ld returned 1 exit status
configure:19108: $? = 1
configure: failed program was:
| /* confdefs.h */
| #define PACKAGE_NAME "adept"
| #define PACKAGE_TARNAME "adept"
| #define PACKAGE_VERSION "2.0.5"
| #define PACKAGE_STRING "adept 2.0.5"
| #define PACKAGE_BUGREPORT "r.j.hogan@ecmwf.int"
| #define PACKAGE_URL "http://www.met.reading.ac.uk/clouds/adept/"
| #define PACKAGE "adept"
| #define VERSION "2.0.5"
| #define STDC_HEADERS 1
| #define HAVE_SYS_TYPES_H 1
| #define HAVE_SYS_STAT_H 1
| #define HAVE_STDLIB_H 1
| #define HAVE_STRING_H 1
| #define HAVE_MEMORY_H 1
| #define HAVE_STRINGS_H 1
| #define HAVE_INTTYPES_H 1
| #define HAVE_STDINT_H 1
| #define HAVE_UNISTD_H 1
| #define HAVE_DLFCN_H 1
| #define LT_OBJDIR ".libs/"
| #define HAVE_SYS_TIME_H 1
| #define HAVE_GETTIMEOFDAY 1
| #define HAVE_POW 1
| #define HAVE_SQRT 1
| /* end confdefs.h.  */
| 
| /* Override any GCC internal prototype to avoid an error.
|    Use char because int might match the return type of a GCC
|    builtin and then its argument prototype would still apply.  */
| #ifdef __cplusplus
| extern "C"
| #endif
| char foobar ();
| #ifdef F77_DUMMY_MAIN
| 
| #  ifdef __cplusplus
|      extern "C"
| #  endif
|    int F77_DUMMY_MAIN() { return 1; }
| 
| #endif
| int
| main ()
| {
| return foobar ();
|   ;
|   return 0;
| }
configure:19108: gcc -o conftest -DADEPT_THREAD_LOCAL   conftest.c cfortran_test.o   -L/usr/lib/gcc/x86_64-linux-gnu/4.8 -L/usr/lib/gcc/x86_64-linux-gnu/4.8/../../../x86_64-linux-gnu -L/usr/lib/gcc/x86_64-linux-gnu/4.8/../../../../lib -L/lib/x86_64-linux-gnu -L/lib/../lib -L/usr/lib/x86_64-linux-gnu -L/usr/lib/../lib -L/usr/lib/gcc/x86_64-linux-gnu/4.8/../../.. -lgfortran -lm -lquadmath >&5
configure:19108: $? = 0
configure:19166: gcc -o conftest -DADEPT_THREAD_LOCAL   conftest.c cfortran_test.o   -L/usr/lib/gcc/x86_64-linux-gnu/4.8 -L/usr/lib/gcc/x86_64-linux-gnu/4.8/../../../x86_64-linux-gnu -L/usr/lib/gcc/x86_64-linux-gnu/4.8/../../../../lib -L/lib/x86_64-linux-gnu -L/lib/../lib -L/usr/lib/x86_64-linux-gnu -L/usr/lib/../lib -L/usr/lib/gcc/x86_64-linux-gnu/4.8/../../.. -lgfortran -lm -lquadmath >&5
configure:19166: $? = 0
configure:19208: result: lower case, underscore, no extra underscore
configure:19327: checking if sgemm_ is being linked in already
configure:19355: clang++ -o conftest -g -O2   conftest.cpp   -L/usr/lib/gcc/x86_64-linux-gnu/4.8 -L/usr/lib/gcc/x86_64-linux-gnu/4.8/../../../x86_64-linux-gnu -L/usr/lib/gcc/x86_64-linux-gnu/4.8/../../../../lib -L/lib/x86_64-linux-gnu -L/lib/../lib -L/usr/lib/x86_64-linux-gnu -L/usr/lib/../lib -L/usr/lib/gcc/x86_64-linux-gnu/4.8/../../.. -lgfortran -lm -lquadmath >&5
/tmp/conftest-2a2458.o: In function `main':
/efs/home/tfk/tfkgcn/adept-2.0.5/conftest.cpp:46: undefined reference to `sgemm_'
clang-5.0: error: linker command failed with exit code 1 (use -v to see invocation)
configure:19355: $? = 1
configure: failed program was:
| /* confdefs.h */
| #define PACKAGE_NAME "adept"
| #define PACKAGE_TARNAME "adept"
| #define PACKAGE_VERSION "2.0.5"
| #define PACKAGE_STRING "adept 2.0.5"
| #define PACKAGE_BUGREPORT "r.j.hogan@ecmwf.int"
| #define PACKAGE_URL "http://www.met.reading.ac.uk/clouds/adept/"
| #define PACKAGE "adept"
| #define VERSION "2.0.5"
| #define STDC_HEADERS 1
| #define HAVE_SYS_TYPES_H 1
| #define HAVE_SYS_STAT_H 1
| #define HAVE_STDLIB_H 1
| #define HAVE_STRING_H 1
| #define HAVE_MEMORY_H 1
| #define HAVE_STRINGS_H 1
| #define HAVE_INTTYPES_H 1
| #define HAVE_STDINT_H 1
| #define HAVE_UNISTD_H 1
| #define HAVE_DLFCN_H 1
| #define LT_OBJDIR ".libs/"
| #define HAVE_SYS_TIME_H 1
| #define HAVE_GETTIMEOFDAY 1
| #define HAVE_POW 1
| #define HAVE_SQRT 1
| /* end confdefs.h.  */
| 
| /* Override any GCC internal prototype to avoid an error.
|    Use char because int might match the return type of a GCC
|    builtin and then its argument prototype would still apply.  */
| #ifdef __cplusplus
| extern "C"
| #endif
| char sgemm_ ();
| #ifdef F77_DUMMY_MAIN
| 
| #  ifdef __cplusplus
|      extern "C"
| #  endif
|    int F77_DUMMY_MAIN() { return 1; }
| 
| #endif
| int
| main ()
| {
| return sgemm_ ();
|   ;
|   return 0;
| }
configure:19360: result: no
configure:19368: checking for sgemm_ in -lopenblas
configure:19401: clang++ -o conftest -g -O2   conftest.cpp -lopenblas    -L/usr/lib/gcc/x86_64-linux-gnu/4.8 -L/usr/lib/gcc/x86_64-linux-gnu/4.8/../../../x86_64-linux-gnu -L/usr/lib/gcc/x86_64-linux-gnu/4.8/../../../../lib -L/lib/x86_64-linux-gnu -L/lib/../lib -L/usr/lib/x86_64-linux-gnu -L/usr/lib/../lib -L/usr/lib/gcc/x86_64-linux-gnu/4.8/../../.. -lgfortran -lm -lquadmath >&5
/usr/bin/ld: cannot find -lopenblas
clang-5.0: error: linker command failed with exit code 1 (use -v to see invocation)
configure:19401: $? = 1
configure: failed program was:
| /* confdefs.h */
| #define PACKAGE_NAME "adept"
| #define PACKAGE_TARNAME "adept"
| #define PACKAGE_VERSION "2.0.5"
| #define PACKAGE_STRING "adept 2.0.5"
| #define PACKAGE_BUGREPORT "r.j.hogan@ecmwf.int"
| #define PACKAGE_URL "http://www.met.reading.ac.uk/clouds/adept/"
| #define PACKAGE "adept"
| #define VERSION "2.0.5"
| #define STDC_HEADERS 1
| #define HAVE_SYS_TYPES_H 1
| #define HAVE_SYS_STAT_H 1
| #define HAVE_STDLIB_H 1
| #define HAVE_STRING_H 1
| #define HAVE_MEMORY_H 1
| #define HAVE_STRINGS_H 1
| #define HAVE_INTTYPES_H 1
| #define HAVE_STDINT_H 1
| #define HAVE_UNISTD_H 1
| #define HAVE_DLFCN_H 1
| #define LT_OBJDIR ".libs/"
| #define HAVE_SYS_TIME_H 1
| #define HAVE_GETTIMEOFDAY 1
| #define HAVE_POW 1
| #define HAVE_SQRT 1
| /* end confdefs.h.  */
| 
| /* Override any GCC internal prototype to avoid an error.
|    Use char because int might match the return type of a GCC
|    builtin and then its argument prototype would still apply.  */
| #ifdef __cplusplus
| extern "C"
| #endif
| char sgemm_ ();
| #ifdef F77_DUMMY_MAIN
| 
| #  ifdef __cplusplus
|      extern "C"
| #  endif
|    int F77_DUMMY_MAIN() { return 1; }
| 
| #endif
| int
| main ()
| {
| return sgemm_ ();
|   ;
|   return 0;
| }
configure:19411: result: no
configure:19422: checking for ATL_xerbla in -latlas
configure:19455: clang++ -o conftest -g -O2   conftest.cpp -latlas    -L/usr/lib/gcc/x86_64-linux-gnu/4.8 -L/usr/lib/gcc/x86_64-linux-gnu/4.8/../../../x86_64-linux-gnu -L/usr/lib/gcc/x86_64-linux-gnu/4.8/../../../../lib -L/lib/x86_64-linux-gnu -L/lib/../lib -L/usr/lib/x86_64-linux-gnu -L/usr/lib/../lib -L/usr/lib/gcc/x86_64-linux-gnu/4.8/../../.. -lgfortran -lm -lquadmath >&5
/usr/bin/ld: cannot find -latlas
clang-5.0: error: linker command failed with exit code 1 (use -v to see invocation)
configure:19455: $? = 1
configure: failed program was:
| /* confdefs.h */
| #define PACKAGE_NAME "adept"
| #define PACKAGE_TARNAME "adept"
| #define PACKAGE_VERSION "2.0.5"
| #define PACKAGE_STRING "adept 2.0.5"
| #define PACKAGE_BUGREPORT "r.j.hogan@ecmwf.int"
| #define PACKAGE_URL "http://www.met.reading.ac.uk/clouds/adept/"
| #define PACKAGE "adept"
| #define VERSION "2.0.5"
| #define STDC_HEADERS 1
| #define HAVE_SYS_TYPES_H 1
| #define HAVE_SYS_STAT_H 1
| #define HAVE_STDLIB_H 1
| #define HAVE_STRING_H 1
| #define HAVE_MEMORY_H 1
| #define HAVE_STRINGS_H 1
| #define HAVE_INTTYPES_H 1
| #define HAVE_STDINT_H 1
| #define HAVE_UNISTD_H 1
| #define HAVE_DLFCN_H 1
| #define LT_OBJDIR ".libs/"
| #define HAVE_SYS_TIME_H 1
| #define HAVE_GETTIMEOFDAY 1
| #define HAVE_POW 1
| #define HAVE_SQRT 1
| /* end confdefs.h.  */
| 
| /* Override any GCC internal prototype to avoid an error.
|    Use char because int might match the return type of a GCC
|    builtin and then its argument prototype would still apply.  */
| #ifdef __cplusplus
| extern "C"
| #endif
| char ATL_xerbla ();
| #ifdef F77_DUMMY_MAIN
| 
| #  ifdef __cplusplus
|      extern "C"
| #  endif
|    int F77_DUMMY_MAIN() { return 1; }
| 
| #endif
| int
| main ()
| {
| return ATL_xerbla ();
|   ;
|   return 0;
| }
configure:19464: result: no
configure:19572: checking for sgemm_ in -lblas
configure:19605: clang++ -o conftest -g -O2   conftest.cpp -lblas    -L/usr/lib/gcc/x86_64-linux-gnu/4.8 -L/usr/lib/gcc/x86_64-linux-gnu/4.8/../../../x86_64-linux-gnu -L/usr/lib/gcc/x86_64-linux-gnu/4.8/../../../../lib -L/lib/x86_64-linux-gnu -L/lib/../lib -L/usr/lib/x86_64-linux-gnu -L/usr/lib/../lib -L/usr/lib/gcc/x86_64-linux-gnu/4.8/../../.. -lgfortran -lm -lquadmath >&5
configure:19605: $? = 0
configure:19615: result: yes
configure:19619: checking for dgemm_ in -ldgemm
configure:19652: clang++ -o conftest -g -O2   conftest.cpp -ldgemm -lblas   -L/usr/lib/gcc/x86_64-linux-gnu/4.8 -L/usr/lib/gcc/x86_64-linux-gnu/4.8/../../../x86_64-linux-gnu -L/usr/lib/gcc/x86_64-linux-gnu/4.8/../../../../lib -L/lib/x86_64-linux-gnu -L/lib/../lib -L/usr/lib/x86_64-linux-gnu -L/usr/lib/../lib -L/usr/lib/gcc/x86_64-linux-gnu/4.8/../../.. -lgfortran -lm -lquadmath >&5
/usr/bin/ld: cannot find -ldgemm
clang-5.0: error: linker command failed with exit code 1 (use -v to see invocation)
configure:19652: $? = 1
configure: failed program was:
| /* confdefs.h */
| #define PACKAGE_NAME "adept"
| #define PACKAGE_TARNAME "adept"
| #define PACKAGE_VERSION "2.0.5"
| #define PACKAGE_STRING "adept 2.0.5"
| #define PACKAGE_BUGREPORT "r.j.hogan@ecmwf.int"
| #define PACKAGE_URL "http://www.met.reading.ac.uk/clouds/adept/"
| #define PACKAGE "adept"
| #define VERSION "2.0.5"
| #define STDC_HEADERS 1
| #define HAVE_SYS_TYPES_H 1
| #define HAVE_SYS_STAT_H 1
| #define HAVE_STDLIB_H 1
| #define HAVE_STRING_H 1
| #define HAVE_MEMORY_H 1
| #define HAVE_STRINGS_H 1
| #define HAVE_INTTYPES_H 1
| #define HAVE_STDINT_H 1
| #define HAVE_UNISTD_H 1
| #define HAVE_DLFCN_H 1
| #define LT_OBJDIR ".libs/"
| #define HAVE_SYS_TIME_H 1
| #define HAVE_GETTIMEOFDAY 1
| #define HAVE_POW 1
| #define HAVE_SQRT 1
| /* end confdefs.h.  */
| 
| /* Override any GCC internal prototype to avoid an error.
|    Use char because int might match the return type of a GCC
|    builtin and then its argument prototype would still apply.  */
| #ifdef __cplusplus
| extern "C"
| #endif
| char dgemm_ ();
| #ifdef F77_DUMMY_MAIN
| 
| #  ifdef __cplusplus
|      extern "C"
| #  endif
|    int F77_DUMMY_MAIN() { return 1; }
| 
| #endif
| int
| main ()
| {
| return dgemm_ ();
|   ;
|   return 0;
| }
configure:19662: result: no
configure:19835: checking for sgemm_ in -lmkl_intel_lp64
configure:19868: clang++ -o conftest -g -O2   conftest.cpp -lmkl_intel_lp64 -lmkl_intel_lp64 -lmkl_sequential -lmkl_core -lpthread   -L/usr/lib/gcc/x86_64-linux-gnu/4.8 -L/usr/lib/gcc/x86_64-linux-gnu/4.8/../../../x86_64-linux-gnu -L/usr/lib/gcc/x86_64-linux-gnu/4.8/../../../../lib -L/lib/x86_64-linux-gnu -L/lib/../lib -L/usr/lib/x86_64-linux-gnu -L/usr/lib/../lib -L/usr/lib/gcc/x86_64-linux-gnu/4.8/../../.. -lgfortran -lm -lquadmath >&5
/usr/bin/ld: cannot find -lmkl_intel_lp64
/usr/bin/ld: cannot find -lmkl_intel_lp64
/usr/bin/ld: cannot find -lmkl_sequential
/usr/bin/ld: cannot find -lmkl_core
clang-5.0: error: linker command failed with exit code 1 (use -v to see invocation)
configure:19868: $? = 1
configure: failed program was:
| /* confdefs.h */
| #define PACKAGE_NAME "adept"
| #define PACKAGE_TARNAME "adept"
| #define PACKAGE_VERSION "2.0.5"
| #define PACKAGE_STRING "adept 2.0.5"
| #define PACKAGE_BUGREPORT "r.j.hogan@ecmwf.int"
| #define PACKAGE_URL "http://www.met.reading.ac.uk/clouds/adept/"
| #define PACKAGE "adept"
| #define VERSION "2.0.5"
| #define STDC_HEADERS 1
| #define HAVE_SYS_TYPES_H 1
| #define HAVE_SYS_STAT_H 1
| #define HAVE_STDLIB_H 1
| #define HAVE_STRING_H 1
| #define HAVE_MEMORY_H 1
| #define HAVE_STRINGS_H 1
| #define HAVE_INTTYPES_H 1
| #define HAVE_STDINT_H 1
| #define HAVE_UNISTD_H 1
| #define HAVE_DLFCN_H 1
| #define LT_OBJDIR ".libs/"
| #define HAVE_SYS_TIME_H 1
| #define HAVE_GETTIMEOFDAY 1
| #define HAVE_POW 1
| #define HAVE_SQRT 1
| /* end confdefs.h.  */
| 
| /* Override any GCC internal prototype to avoid an error.
|    Use char because int might match the return type of a GCC
|    builtin and then its argument prototype would still apply.  */
| #ifdef __cplusplus
| extern "C"
| #endif
| char sgemm_ ();
| #ifdef F77_DUMMY_MAIN
| 
| #  ifdef __cplusplus
|      extern "C"
| #  endif
|    int F77_DUMMY_MAIN() { return 1; }
| 
| #endif
| int
| main ()
| {
| return sgemm_ ();
|   ;
|   return 0;
| }
configure:19878: result: no
configure:19942: checking for sgemm_ in -lmkl
configure:19975: clang++ -o conftest -g -O2   conftest.cpp -lmkl -lguide -lpthread   -L/usr/lib/gcc/x86_64-linux-gnu/4.8 -L/usr/lib/gcc/x86_64-linux-gnu/4.8/../../../x86_64-linux-gnu -L/usr/lib/gcc/x86_64-linux-gnu/4.8/../../../../lib -L/lib/x86_64-linux-gnu -L/lib/../lib -L/usr/lib/x86_64-linux-gnu -L/usr/lib/../lib -L/usr/lib/gcc/x86_64-linux-gnu/4.8/../../.. -lgfortran -lm -lquadmath >&5
/usr/bin/ld: cannot find -lmkl
/usr/bin/ld: cannot find -lguide
clang-5.0: error: linker command failed with exit code 1 (use -v to see invocation)
configure:19975: $? = 1
configure: failed program was:
| /* confdefs.h */
| #define PACKAGE_NAME "adept"
| #define PACKAGE_TARNAME "adept"
| #define PACKAGE_VERSION "2.0.5"
| #define PACKAGE_STRING "adept 2.0.5"
| #define PACKAGE_BUGREPORT "r.j.hogan@ecmwf.int"
| #define PACKAGE_URL "http://www.met.reading.ac.uk/clouds/adept/"
| #define PACKAGE "adept"
| #define VERSION "2.0.5"
| #define STDC_HEADERS 1
| #define HAVE_SYS_TYPES_H 1
| #define HAVE_SYS_STAT_H 1
| #define HAVE_STDLIB_H 1
| #define HAVE_STRING_H 1
| #define HAVE_MEMORY_H 1
| #define HAVE_STRINGS_H 1
| #define HAVE_INTTYPES_H 1
| #define HAVE_STDINT_H 1
| #define HAVE_UNISTD_H 1
| #define HAVE_DLFCN_H 1
| #define LT_OBJDIR ".libs/"
| #define HAVE_SYS_TIME_H 1
| #define HAVE_GETTIMEOFDAY 1
| #define HAVE_POW 1
| #define HAVE_SQRT 1
| /* end confdefs.h.  */
| 
| /* Override any GCC internal prototype to avoid an error.
|    Use char because int might match the return type of a GCC
|    builtin and then its argument prototype would still apply.  */
| #ifdef __cplusplus
| extern "C"
| #endif
| char sgemm_ ();
| #ifdef F77_DUMMY_MAIN
| 
| #  ifdef __cplusplus
|      extern "C"
| #  endif
|    int F77_DUMMY_MAIN() { return 1; }
| 
| #endif
| int
| main ()
| {
| return sgemm_ ();
|   ;
|   return 0;
| }
configure:19985: result: no
configure:19996: checking for sgemm_ in -framework vecLib
configure:20024: clang++ -o conftest -g -O2   conftest.cpp -framework vecLib   -L/usr/lib/gcc/x86_64-linux-gnu/4.8 -L/usr/lib/gcc/x86_64-linux-gnu/4.8/../../../x86_64-linux-gnu -L/usr/lib/gcc/x86_64-linux-gnu/4.8/../../../../lib -L/lib/x86_64-linux-gnu -L/lib/../lib -L/usr/lib/x86_64-linux-gnu -L/usr/lib/../lib -L/usr/lib/gcc/x86_64-linux-gnu/4.8/../../.. -lgfortran -lm -lquadmath >&5
/usr/bin/ld: -f may not be used without -shared
clang-5.0: error: linker command failed with exit code 1 (use -v to see invocation)
configure:20024: $? = 1
configure: failed program was:
| /* confdefs.h */
| #define PACKAGE_NAME "adept"
| #define PACKAGE_TARNAME "adept"
| #define PACKAGE_VERSION "2.0.5"
| #define PACKAGE_STRING "adept 2.0.5"
| #define PACKAGE_BUGREPORT "r.j.hogan@ecmwf.int"
| #define PACKAGE_URL "http://www.met.reading.ac.uk/clouds/adept/"
| #define PACKAGE "adept"
| #define VERSION "2.0.5"
| #define STDC_HEADERS 1
| #define HAVE_SYS_TYPES_H 1
| #define HAVE_SYS_STAT_H 1
| #define HAVE_STDLIB_H 1
| #define HAVE_STRING_H 1
| #define HAVE_MEMORY_H 1
| #define HAVE_STRINGS_H 1
| #define HAVE_INTTYPES_H 1
| #define HAVE_STDINT_H 1
| #define HAVE_UNISTD_H 1
| #define HAVE_DLFCN_H 1
| #define LT_OBJDIR ".libs/"
| #define HAVE_SYS_TIME_H 1
| #define HAVE_GETTIMEOFDAY 1
| #define HAVE_POW 1
| #define HAVE_SQRT 1
| /* end confdefs.h.  */
| 
| /* Override any GCC internal prototype to avoid an error.
|    Use char because int might match the return type of a GCC
|    builtin and then its argument prototype would still apply.  */
| #ifdef __cplusplus
| extern "C"
| #endif
| char sgemm_ ();
| #ifdef F77_DUMMY_MAIN
| 
| #  ifdef __cplusplus
|      extern "C"
| #  endif
|    int F77_DUMMY_MAIN() { return 1; }
| 
| #endif
| int
| main ()
| {
| return sgemm_ ();
|   ;
|   return 0;
| }
configure:20029: result: no
configure:20037: checking for sgemm_ in -lcxml
configure:20070: clang++ -o conftest -g -O2   conftest.cpp -lcxml    -L/usr/lib/gcc/x86_64-linux-gnu/4.8 -L/usr/lib/gcc/x86_64-linux-gnu/4.8/../../../x86_64-linux-gnu -L/usr/lib/gcc/x86_64-linux-gnu/4.8/../../../../lib -L/lib/x86_64-linux-gnu -L/lib/../lib -L/usr/lib/x86_64-linux-gnu -L/usr/lib/../lib -L/usr/lib/gcc/x86_64-linux-gnu/4.8/../../.. -lgfortran -lm -lquadmath >&5
/usr/bin/ld: cannot find -lcxml
clang-5.0: error: linker command failed with exit code 1 (use -v to see invocation)
configure:20070: $? = 1
configure: failed program was:
| /* confdefs.h */
| #define PACKAGE_NAME "adept"
| #define PACKAGE_TARNAME "adept"
| #define PACKAGE_VERSION "2.0.5"
| #define PACKAGE_STRING "adept 2.0.5"
| #define PACKAGE_BUGREPORT "r.j.hogan@ecmwf.int"
| #define PACKAGE_URL "http://www.met.reading.ac.uk/clouds/adept/"
| #define PACKAGE "adept"
| #define VERSION "2.0.5"
| #define STDC_HEADERS 1
| #define HAVE_SYS_TYPES_H 1
| #define HAVE_SYS_STAT_H 1
| #define HAVE_STDLIB_H 1
| #define HAVE_STRING_H 1
| #define HAVE_MEMORY_H 1
| #define HAVE_STRINGS_H 1
| #define HAVE_INTTYPES_H 1
| #define HAVE_STDINT_H 1
| #define HAVE_UNISTD_H 1
| #define HAVE_DLFCN_H 1
| #define LT_OBJDIR ".libs/"
| #define HAVE_SYS_TIME_H 1
| #define HAVE_GETTIMEOFDAY 1
| #define HAVE_POW 1
| #define HAVE_SQRT 1
| /* end confdefs.h.  */
| 
| /* Override any GCC internal prototype to avoid an error.
|    Use char because int might match the return type of a GCC
|    builtin and then its argument prototype would still apply.  */
| #ifdef __cplusplus
| extern "C"
| #endif
| char sgemm_ ();
| #ifdef F77_DUMMY_MAIN
| 
| #  ifdef __cplusplus
|      extern "C"
| #  endif
|    int F77_DUMMY_MAIN() { return 1; }
| 
| #endif
| int
| main ()
| {
| return sgemm_ ();
|   ;
|   return 0;
| }
configure:20080: result: no
configure:20091: checking for sgemm_ in -ldxml
configure:20124: clang++ -o conftest -g -O2   conftest.cpp -ldxml    -L/usr/lib/gcc/x86_64-linux-gnu/4.8 -L/usr/lib/gcc/x86_64-linux-gnu/4.8/../../../x86_64-linux-gnu -L/usr/lib/gcc/x86_64-linux-gnu/4.8/../../../../lib -L/lib/x86_64-linux-gnu -L/lib/../lib -L/usr/lib/x86_64-linux-gnu -L/usr/lib/../lib -L/usr/lib/gcc/x86_64-linux-gnu/4.8/../../.. -lgfortran -lm -lquadmath >&5
/usr/bin/ld: cannot find -ldxml
clang-5.0: error: linker command failed with exit code 1 (use -v to see invocation)
configure:20124: $? = 1
configure: failed program was:
| /* confdefs.h */
| #define PACKAGE_NAME "adept"
| #define PACKAGE_TARNAME "adept"
| #define PACKAGE_VERSION "2.0.5"
| #define PACKAGE_STRING "adept 2.0.5"
| #define PACKAGE_BUGREPORT "r.j.hogan@ecmwf.int"
| #define PACKAGE_URL "http://www.met.reading.ac.uk/clouds/adept/"
| #define PACKAGE "adept"
| #define VERSION "2.0.5"
| #define STDC_HEADERS 1
| #define HAVE_SYS_TYPES_H 1
| #define HAVE_SYS_STAT_H 1
| #define HAVE_STDLIB_H 1
| #define HAVE_STRING_H 1
| #define HAVE_MEMORY_H 1
| #define HAVE_STRINGS_H 1
| #define HAVE_INTTYPES_H 1
| #define HAVE_STDINT_H 1
| #define HAVE_UNISTD_H 1
| #define HAVE_DLFCN_H 1
| #define LT_OBJDIR ".libs/"
| #define HAVE_SYS_TIME_H 1
| #define HAVE_GETTIMEOFDAY 1
| #define HAVE_POW 1
| #define HAVE_SQRT 1
| /* end confdefs.h.  */
| 
| /* Override any GCC internal prototype to avoid an error.
|    Use char because int might match the return type of a GCC
|    builtin and then its argument prototype would still apply.  */
| #ifdef __cplusplus
| extern "C"
| #endif
| char sgemm_ ();
| #ifdef F77_DUMMY_MAIN
| 
| #  ifdef __cplusplus
|      extern "C"
| #  endif
|    int F77_DUMMY_MAIN() { return 1; }
| 
| #endif
| int
| main ()
| {
| return sgemm_ ();
|   ;
|   return 0;
| }
configure:20134: result: no
configure:20249: checking for sgemm_ in -lscs
configure:20282: clang++ -o conftest -g -O2   conftest.cpp -lscs    -L/usr/lib/gcc/x86_64-linux-gnu/4.8 -L/usr/lib/gcc/x86_64-linux-gnu/4.8/../../../x86_64-linux-gnu -L/usr/lib/gcc/x86_64-linux-gnu/4.8/../../../../lib -L/lib/x86_64-linux-gnu -L/lib/../lib -L/usr/lib/x86_64-linux-gnu -L/usr/lib/../lib -L/usr/lib/gcc/x86_64-linux-gnu/4.8/../../.. -lgfortran -lm -lquadmath >&5
/usr/bin/ld: cannot find -lscs
clang-5.0: error: linker command failed with exit code 1 (use -v to see invocation)
configure:20282: $? = 1
configure: failed program was:
| /* confdefs.h */
| #define PACKAGE_NAME "adept"
| #define PACKAGE_TARNAME "adept"
| #define PACKAGE_VERSION "2.0.5"
| #define PACKAGE_STRING "adept 2.0.5"
| #define PACKAGE_BUGREPORT "r.j.hogan@ecmwf.int"
| #define PACKAGE_URL "http://www.met.reading.ac.uk/clouds/adept/"
| #define PACKAGE "adept"
| #define VERSION "2.0.5"
| #define STDC_HEADERS 1
| #define HAVE_SYS_TYPES_H 1
| #define HAVE_SYS_STAT_H 1
| #define HAVE_STDLIB_H 1
| #define HAVE_STRING_H 1
| #define HAVE_MEMORY_H 1
| #define HAVE_STRINGS_H 1
| #define HAVE_INTTYPES_H 1
| #define HAVE_STDINT_H 1
| #define HAVE_UNISTD_H 1
| #define HAVE_DLFCN_H 1
| #define LT_OBJDIR ".libs/"
| #define HAVE_SYS_TIME_H 1
| #define HAVE_GETTIMEOFDAY 1
| #define HAVE_POW 1
| #define HAVE_SQRT 1
| /* end confdefs.h.  */
| 
| /* Override any GCC internal prototype to avoid an error.
|    Use char because int might match the return type of a GCC
|    builtin and then its argument prototype would still apply.  */
| #ifdef __cplusplus
| extern "C"
| #endif
| char sgemm_ ();
| #ifdef F77_DUMMY_MAIN
| 
| #  ifdef __cplusplus
|      extern "C"
| #  endif
|    int F77_DUMMY_MAIN() { return 1; }
| 
| #endif
| int
| main ()
| {
| return sgemm_ ();
|   ;
|   return 0;
| }
configure:20292: result: no
configure:20303: checking for sgemm_ in -lcomplib.sgimath
configure:20336: clang++ -o conftest -g -O2   conftest.cpp -lcomplib.sgimath    -L/usr/lib/gcc/x86_64-linux-gnu/4.8 -L/usr/lib/gcc/x86_64-linux-gnu/4.8/../../../x86_64-linux-gnu -L/usr/lib/gcc/x86_64-linux-gnu/4.8/../../../../lib -L/lib/x86_64-linux-gnu -L/lib/../lib -L/usr/lib/x86_64-linux-gnu -L/usr/lib/../lib -L/usr/lib/gcc/x86_64-linux-gnu/4.8/../../.. -lgfortran -lm -lquadmath >&5
/usr/bin/ld: cannot find -lcomplib.sgimath
clang-5.0: error: linker command failed with exit code 1 (use -v to see invocation)
configure:20336: $? = 1
configure: failed program was:
| /* confdefs.h */
| #define PACKAGE_NAME "adept"
| #define PACKAGE_TARNAME "adept"
| #define PACKAGE_VERSION "2.0.5"
| #define PACKAGE_STRING "adept 2.0.5"
| #define PACKAGE_BUGREPORT "r.j.hogan@ecmwf.int"
| #define PACKAGE_URL "http://www.met.reading.ac.uk/clouds/adept/"
| #define PACKAGE "adept"
| #define VERSION "2.0.5"
| #define STDC_HEADERS 1
| #define HAVE_SYS_TYPES_H 1
| #define HAVE_SYS_STAT_H 1
| #define HAVE_STDLIB_H 1
| #define HAVE_STRING_H 1
| #define HAVE_MEMORY_H 1
| #define HAVE_STRINGS_H 1
| #define HAVE_INTTYPES_H 1
| #define HAVE_STDINT_H 1
| #define HAVE_UNISTD_H 1
| #define HAVE_DLFCN_H 1
| #define LT_OBJDIR ".libs/"
| #define HAVE_SYS_TIME_H 1
| #define HAVE_GETTIMEOFDAY 1
| #define HAVE_POW 1
| #define HAVE_SQRT 1
| /* end confdefs.h.  */
| 
| /* Override any GCC internal prototype to avoid an error.
|    Use char because int might match the return type of a GCC
|    builtin and then its argument prototype would still apply.  */
| #ifdef __cplusplus
| extern "C"
| #endif
| char sgemm_ ();
| #ifdef F77_DUMMY_MAIN
| 
| #  ifdef __cplusplus
|      extern "C"
| #  endif
|    int F77_DUMMY_MAIN() { return 1; }
| 
| #endif
| int
| main ()
| {
| return sgemm_ ();
|   ;
|   return 0;
| }
configure:20346: result: no
configure:20357: checking for sgemm_ in -lblas
configure:20400: result: yes
configure:20404: checking for sgemm_ in -lessl
configure:20437: clang++ -o conftest -g -O2   conftest.cpp -lessl -lblas  -L/usr/lib/gcc/x86_64-linux-gnu/4.8 -L/usr/lib/gcc/x86_64-linux-gnu/4.8/../../../x86_64-linux-gnu -L/usr/lib/gcc/x86_64-linux-gnu/4.8/../../../../lib -L/lib/x86_64-linux-gnu -L/lib/../lib -L/usr/lib/x86_64-linux-gnu -L/usr/lib/../lib -L/usr/lib/gcc/x86_64-linux-gnu/4.8/../../.. -lgfortran -lm -lquadmath   -L/usr/lib/gcc/x86_64-linux-gnu/4.8 -L/usr/lib/gcc/x86_64-linux-gnu/4.8/../../../x86_64-linux-gnu -L/usr/lib/gcc/x86_64-linux-gnu/4.8/../../../../lib -L/lib/x86_64-linux-gnu -L/lib/../lib -L/usr/lib/x86_64-linux-gnu -L/usr/lib/../lib -L/usr/lib/gcc/x86_64-linux-gnu/4.8/../../.. -lgfortran -lm -lquadmath >&5
/usr/bin/ld: cannot find -lessl
clang-5.0: error: linker command failed with exit code 1 (use -v to see invocation)
configure:20437: $? = 1
configure: failed program was:
| /* confdefs.h */
| #define PACKAGE_NAME "adept"
| #define PACKAGE_TARNAME "adept"
| #define PACKAGE_VERSION "2.0.5"
| #define PACKAGE_STRING "adept 2.0.5"
| #define PACKAGE_BUGREPORT "r.j.hogan@ecmwf.int"
| #define PACKAGE_URL "http://www.met.reading.ac.uk/clouds/adept/"
| #define PACKAGE "adept"
| #define VERSION "2.0.5"
| #define STDC_HEADERS 1
| #define HAVE_SYS_TYPES_H 1
| #define HAVE_SYS_STAT_H 1
| #define HAVE_STDLIB_H 1
| #define HAVE_STRING_H 1
| #define HAVE_MEMORY_H 1
| #define HAVE_STRINGS_H 1
| #define HAVE_INTTYPES_H 1
| #define HAVE_STDINT_H 1
| #define HAVE_UNISTD_H 1
| #define HAVE_DLFCN_H 1
| #define LT_OBJDIR ".libs/"
| #define HAVE_SYS_TIME_H 1
| #define HAVE_GETTIMEOFDAY 1
| #define HAVE_POW 1
| #define HAVE_SQRT 1
| /* end confdefs.h.  */
| 
| /* Override any GCC internal prototype to avoid an error.
|    Use char because int might match the return type of a GCC
|    builtin and then its argument prototype would still apply.  */
| #ifdef __cplusplus
| extern "C"
| #endif
| char sgemm_ ();
| #ifdef F77_DUMMY_MAIN
| 
| #  ifdef __cplusplus
|      extern "C"
| #  endif
|    int F77_DUMMY_MAIN() { return 1; }
| 
| #endif
| int
| main ()
| {
| return sgemm_ ();
|   ;
|   return 0;
| }
configure:20447: result: no
configure:20460: checking for sgemm_ in -lblas
configure:20503: result: yes
configure:20620: checking for cheev_
configure:20620: clang++ -o conftest -g -O2   conftest.cpp  -lblas  -L/usr/lib/gcc/x86_64-linux-gnu/4.8 -L/usr/lib/gcc/x86_64-linux-gnu/4.8/../../../x86_64-linux-gnu -L/usr/lib/gcc/x86_64-linux-gnu/4.8/../../../../lib -L/lib/x86_64-linux-gnu -L/lib/../lib -L/usr/lib/x86_64-linux-gnu -L/usr/lib/../lib -L/usr/lib/gcc/x86_64-linux-gnu/4.8/../../.. -lgfortran -lm -lquadmath >&5
/tmp/conftest-2a530b.o: In function `main':
/efs/home/tfk/tfkgcn/adept-2.0.5/conftest.cpp:62: undefined reference to `cheev_'
clang-5.0: error: linker command failed with exit code 1 (use -v to see invocation)
configure:20620: $? = 1
configure: failed program was:
| /* confdefs.h */
| #define PACKAGE_NAME "adept"
| #define PACKAGE_TARNAME "adept"
| #define PACKAGE_VERSION "2.0.5"
| #define PACKAGE_STRING "adept 2.0.5"
| #define PACKAGE_BUGREPORT "r.j.hogan@ecmwf.int"
| #define PACKAGE_URL "http://www.met.reading.ac.uk/clouds/adept/"
| #define PACKAGE "adept"
| #define VERSION "2.0.5"
| #define STDC_HEADERS 1
| #define HAVE_SYS_TYPES_H 1
| #define HAVE_SYS_STAT_H 1
| #define HAVE_STDLIB_H 1
| #define HAVE_STRING_H 1
| #define HAVE_MEMORY_H 1
| #define HAVE_STRINGS_H 1
| #define HAVE_INTTYPES_H 1
| #define HAVE_STDINT_H 1
| #define HAVE_UNISTD_H 1
| #define HAVE_DLFCN_H 1
| #define LT_OBJDIR ".libs/"
| #define HAVE_SYS_TIME_H 1
| #define HAVE_GETTIMEOFDAY 1
| #define HAVE_POW 1
| #define HAVE_SQRT 1
| #define HAVE_BLAS 1
| /* end confdefs.h.  */
| /* Define cheev_ to an innocuous variant, in case <limits.h> declares cheev_.
|    For example, HP-UX 11i <limits.h> declares gettimeofday.  */
| #define cheev_ innocuous_cheev_
| 
| /* System header to define __stub macros and hopefully few prototypes,
|     which can conflict with char cheev_ (); below.
|     Prefer <limits.h> to <assert.h> if __STDC__ is defined, since
|     <limits.h> exists even on freestanding compilers.  */
| 
| #ifdef __STDC__
| # include <limits.h>
| #else
| # include <assert.h>
| #endif
| 
| #undef cheev_
| 
| /* Override any GCC internal prototype to avoid an error.
|    Use char because int might match the return type of a GCC
|    builtin and then its argument prototype would still apply.  */
| #ifdef __cplusplus
| extern "C"
| #endif
| char cheev_ ();
| /* The GNU C library defines this for functions which it implements
|     to always fail with ENOSYS.  Some functions are actually named
|     something starting with __ and the normal name is an alias.  */
| #if defined __stub_cheev_ || defined __stub___cheev_
| choke me
| #endif
| 
| int
| main ()
| {
| return cheev_ ();
|   ;
|   return 0;
| }
configure:20620: result: no
configure:20633: checking for cheev_ in -llapack
configure:20666: clang++ -o conftest -g -O2   conftest.cpp -llapack  -L/usr/lib/gcc/x86_64-linux-gnu/4.8 -L/usr/lib/gcc/x86_64-linux-gnu/4.8/../../../x86_64-linux-gnu -L/usr/lib/gcc/x86_64-linux-gnu/4.8/../../../../lib -L/lib/x86_64-linux-gnu -L/lib/../lib -L/usr/lib/x86_64-linux-gnu -L/usr/lib/../lib -L/usr/lib/gcc/x86_64-linux-gnu/4.8/../../.. -lgfortran -lm -lquadmath -lblas  >&5
configure:20666: $? = 0
configure:20676: result: yes
configure:20755: checking for gsl_multimin_fdfminimizer_alloc in -lgsl
configure:20788: clang++ -o conftest -g -O2   conftest.cpp -lgsl  -llapack -lblas  >&5
/usr/bin/ld: cannot find -lgsl
clang-5.0: error: linker command failed with exit code 1 (use -v to see invocation)
configure:20788: $? = 1
configure: failed program was:
| /* confdefs.h */
| #define PACKAGE_NAME "adept"
| #define PACKAGE_TARNAME "adept"
| #define PACKAGE_VERSION "2.0.5"
| #define PACKAGE_STRING "adept 2.0.5"
| #define PACKAGE_BUGREPORT "r.j.hogan@ecmwf.int"
| #define PACKAGE_URL "http://www.met.reading.ac.uk/clouds/adept/"
| #define PACKAGE "adept"
| #define VERSION "2.0.5"
| #define STDC_HEADERS 1
| #define HAVE_SYS_TYPES_H 1
| #define HAVE_SYS_STAT_H 1
| #define HAVE_STDLIB_H 1
| #define HAVE_STRING_H 1
| #define HAVE_MEMORY_H 1
| #define HAVE_STRINGS_H 1
| #define HAVE_INTTYPES_H 1
| #define HAVE_STDINT_H 1
| #define HAVE_UNISTD_H 1
| #define HAVE_DLFCN_H 1
| #define LT_OBJDIR ".libs/"
| #define HAVE_SYS_TIME_H 1
| #define HAVE_GETTIMEOFDAY 1
| #define HAVE_POW 1
| #define HAVE_SQRT 1
| #define HAVE_BLAS 1
| #define HAVE_LAPACK 1
| /* end confdefs.h.  */
| 
| /* Override any GCC internal prototype to avoid an error.
|    Use char because int might match the return type of a GCC
|    builtin and then its argument prototype would still apply.  */
| #ifdef __cplusplus
| extern "C"
| #endif
| char gsl_multimin_fdfminimizer_alloc ();
| #ifdef F77_DUMMY_MAIN
| 
| #  ifdef __cplusplus
|      extern "C"
| #  endif
|    int F77_DUMMY_MAIN() { return 1; }
| 
| #endif
| int
| main ()
| {
| return gsl_multimin_fdfminimizer_alloc ();
|   ;
|   return 0;
| }
configure:20797: result: no
configure:20810: checking adolc/adolc.h usability
configure:20810: clang++ -c -g -O2  conftest.cpp >&5
conftest.cpp:62:10: fatal error: 'adolc/adolc.h' file not found
#include <adolc/adolc.h>
         ^~~~~~~~~~~~~~~
1 error generated.
configure:20810: $? = 1
configure: failed program was:
| /* confdefs.h */
| #define PACKAGE_NAME "adept"
| #define PACKAGE_TARNAME "adept"
| #define PACKAGE_VERSION "2.0.5"
| #define PACKAGE_STRING "adept 2.0.5"
| #define PACKAGE_BUGREPORT "r.j.hogan@ecmwf.int"
| #define PACKAGE_URL "http://www.met.reading.ac.uk/clouds/adept/"
| #define PACKAGE "adept"
| #define VERSION "2.0.5"
| #define STDC_HEADERS 1
| #define HAVE_SYS_TYPES_H 1
| #define HAVE_SYS_STAT_H 1
| #define HAVE_STDLIB_H 1
| #define HAVE_STRING_H 1
| #define HAVE_MEMORY_H 1
| #define HAVE_STRINGS_H 1
| #define HAVE_INTTYPES_H 1
| #define HAVE_STDINT_H 1
| #define HAVE_UNISTD_H 1
| #define HAVE_DLFCN_H 1
| #define LT_OBJDIR ".libs/"
| #define HAVE_SYS_TIME_H 1
| #define HAVE_GETTIMEOFDAY 1
| #define HAVE_POW 1
| #define HAVE_SQRT 1
| #define HAVE_BLAS 1
| #define HAVE_LAPACK 1
| /* end confdefs.h.  */
| #include <stdio.h>
| #ifdef HAVE_SYS_TYPES_H
| # include <sys/types.h>
| #endif
| #ifdef HAVE_SYS_STAT_H
| # include <sys/stat.h>
| #endif
| #ifdef STDC_HEADERS
| # include <stdlib.h>
| # include <stddef.h>
| #else
| # ifdef HAVE_STDLIB_H
| #  include <stdlib.h>
| # endif
| #endif
| #ifdef HAVE_STRING_H
| # if !defined STDC_HEADERS && defined HAVE_MEMORY_H
| #  include <memory.h>
| # endif
| # include <string.h>
| #endif
| #ifdef HAVE_STRINGS_H
| # include <strings.h>
| #endif
| #ifdef HAVE_INTTYPES_H
| # include <inttypes.h>
| #endif
| #ifdef HAVE_STDINT_H
| # include <stdint.h>
| #endif
| #ifdef HAVE_UNISTD_H
| # include <unistd.h>
| #endif
| #include <adolc/adolc.h>
configure:20810: result: no
configure:20810: checking adolc/adolc.h presence
configure:20810: clang++ -E  conftest.cpp
conftest.cpp:29:10: fatal error: 'adolc/adolc.h' file not found
#include <adolc/adolc.h>
         ^~~~~~~~~~~~~~~
1 error generated.
configure:20810: $? = 1
configure: failed program was:
| /* confdefs.h */
| #define PACKAGE_NAME "adept"
| #define PACKAGE_TARNAME "adept"
| #define PACKAGE_VERSION "2.0.5"
| #define PACKAGE_STRING "adept 2.0.5"
| #define PACKAGE_BUGREPORT "r.j.hogan@ecmwf.int"
| #define PACKAGE_URL "http://www.met.reading.ac.uk/clouds/adept/"
| #define PACKAGE "adept"
| #define VERSION "2.0.5"
| #define STDC_HEADERS 1
| #define HAVE_SYS_TYPES_H 1
| #define HAVE_SYS_STAT_H 1
| #define HAVE_STDLIB_H 1
| #define HAVE_STRING_H 1
| #define HAVE_MEMORY_H 1
| #define HAVE_STRINGS_H 1
| #define HAVE_INTTYPES_H 1
| #define HAVE_STDINT_H 1
| #define HAVE_UNISTD_H 1
| #define HAVE_DLFCN_H 1
| #define LT_OBJDIR ".libs/"
| #define HAVE_SYS_TIME_H 1
| #define HAVE_GETTIMEOFDAY 1
| #define HAVE_POW 1
| #define HAVE_SQRT 1
| #define HAVE_BLAS 1
| #define HAVE_LAPACK 1
| /* end confdefs.h.  */
| #include <adolc/adolc.h>
configure:20810: result: no
configure:20810: checking for adolc/adolc.h
configure:20810: result: no
configure:20820: checking for tapestats in -ladolc
configure:20853: clang++ -o conftest -g -O2   conftest.cpp -ladolc  -llapack -lblas  >&5
/usr/bin/ld: cannot find -ladolc
clang-5.0: error: linker command failed with exit code 1 (use -v to see invocation)
configure:20853: $? = 1
configure: failed program was:
| /* confdefs.h */
| #define PACKAGE_NAME "adept"
| #define PACKAGE_TARNAME "adept"
| #define PACKAGE_VERSION "2.0.5"
| #define PACKAGE_STRING "adept 2.0.5"
| #define PACKAGE_BUGREPORT "r.j.hogan@ecmwf.int"
| #define PACKAGE_URL "http://www.met.reading.ac.uk/clouds/adept/"
| #define PACKAGE "adept"
| #define VERSION "2.0.5"
| #define STDC_HEADERS 1
| #define HAVE_SYS_TYPES_H 1
| #define HAVE_SYS_STAT_H 1
| #define HAVE_STDLIB_H 1
| #define HAVE_STRING_H 1
| #define HAVE_MEMORY_H 1
| #define HAVE_STRINGS_H 1
| #define HAVE_INTTYPES_H 1
| #define HAVE_STDINT_H 1
| #define HAVE_UNISTD_H 1
| #define HAVE_DLFCN_H 1
| #define LT_OBJDIR ".libs/"
| #define HAVE_SYS_TIME_H 1
| #define HAVE_GETTIMEOFDAY 1
| #define HAVE_POW 1
| #define HAVE_SQRT 1
| #define HAVE_BLAS 1
| #define HAVE_LAPACK 1
| /* end confdefs.h.  */
| 
| /* Override any GCC internal prototype to avoid an error.
|    Use char because int might match the return type of a GCC
|    builtin and then its argument prototype would still apply.  */
| #ifdef __cplusplus
| extern "C"
| #endif
| char tapestats ();
| #ifdef F77_DUMMY_MAIN
| 
| #  ifdef __cplusplus
|      extern "C"
| #  endif
|    int F77_DUMMY_MAIN() { return 1; }
| 
| #endif
| int
| main ()
| {
| return tapestats ();
|   ;
|   return 0;
| }
configure:20862: result: no
configure:20878: checking whether Sacado is installed
configure:20899: clang++ -o conftest -g -O2   conftest.cpp -llapack -lblas  -lsacado -lteuchos >&5
conftest.cpp:29:10: fatal error: 'Sacado.hpp' file not found
#include <Sacado.hpp>
         ^~~~~~~~~~~~
1 error generated.
configure:20899: $? = 1
configure: failed program was:
| /* confdefs.h */
| #define PACKAGE_NAME "adept"
| #define PACKAGE_TARNAME "adept"
| #define PACKAGE_VERSION "2.0.5"
| #define PACKAGE_STRING "adept 2.0.5"
| #define PACKAGE_BUGREPORT "r.j.hogan@ecmwf.int"
| #define PACKAGE_URL "http://www.met.reading.ac.uk/clouds/adept/"
| #define PACKAGE "adept"
| #define VERSION "2.0.5"
| #define STDC_HEADERS 1
| #define HAVE_SYS_TYPES_H 1
| #define HAVE_SYS_STAT_H 1
| #define HAVE_STDLIB_H 1
| #define HAVE_STRING_H 1
| #define HAVE_MEMORY_H 1
| #define HAVE_STRINGS_H 1
| #define HAVE_INTTYPES_H 1
| #define HAVE_STDINT_H 1
| #define HAVE_UNISTD_H 1
| #define HAVE_DLFCN_H 1
| #define LT_OBJDIR ".libs/"
| #define HAVE_SYS_TIME_H 1
| #define HAVE_GETTIMEOFDAY 1
| #define HAVE_POW 1
| #define HAVE_SQRT 1
| #define HAVE_BLAS 1
| #define HAVE_LAPACK 1
| /* end confdefs.h.  */
| #include <Sacado.hpp>
| #ifdef F77_DUMMY_MAIN
| 
| #  ifdef __cplusplus
|      extern "C"
| #  endif
|    int F77_DUMMY_MAIN() { return 1; }
| 
| #endif
| int
| main ()
| {
| Sacado::ELRFad::DFad<double> v = 1.0
|   ;
|   return 0;
| }
configure:20908: result: no
configure:20917: checking cppad/cppad.hpp usability
configure:20917: clang++ -c -g -O2  conftest.cpp >&5
conftest.cpp:62:10: fatal error: 'cppad/cppad.hpp' file not found
#include <cppad/cppad.hpp>
         ^~~~~~~~~~~~~~~~~
1 error generated.
configure:20917: $? = 1
configure: failed program was:
| /* confdefs.h */
| #define PACKAGE_NAME "adept"
| #define PACKAGE_TARNAME "adept"
| #define PACKAGE_VERSION "2.0.5"
| #define PACKAGE_STRING "adept 2.0.5"
| #define PACKAGE_BUGREPORT "r.j.hogan@ecmwf.int"
| #define PACKAGE_URL "http://www.met.reading.ac.uk/clouds/adept/"
| #define PACKAGE "adept"
| #define VERSION "2.0.5"
| #define STDC_HEADERS 1
| #define HAVE_SYS_TYPES_H 1
| #define HAVE_SYS_STAT_H 1
| #define HAVE_STDLIB_H 1
| #define HAVE_STRING_H 1
| #define HAVE_MEMORY_H 1
| #define HAVE_STRINGS_H 1
| #define HAVE_INTTYPES_H 1
| #define HAVE_STDINT_H 1
| #define HAVE_UNISTD_H 1
| #define HAVE_DLFCN_H 1
| #define LT_OBJDIR ".libs/"
| #define HAVE_SYS_TIME_H 1
| #define HAVE_GETTIMEOFDAY 1
| #define HAVE_POW 1
| #define HAVE_SQRT 1
| #define HAVE_BLAS 1
| #define HAVE_LAPACK 1
| /* end confdefs.h.  */
| #include <stdio.h>
| #ifdef HAVE_SYS_TYPES_H
| # include <sys/types.h>
| #endif
| #ifdef HAVE_SYS_STAT_H
| # include <sys/stat.h>
| #endif
| #ifdef STDC_HEADERS
| # include <stdlib.h>
| # include <stddef.h>
| #else
| # ifdef HAVE_STDLIB_H
| #  include <stdlib.h>
| # endif
| #endif
| #ifdef HAVE_STRING_H
| # if !defined STDC_HEADERS && defined HAVE_MEMORY_H
| #  include <memory.h>
| # endif
| # include <string.h>
| #endif
| #ifdef HAVE_STRINGS_H
| # include <strings.h>
| #endif
| #ifdef HAVE_INTTYPES_H
| # include <inttypes.h>
| #endif
| #ifdef HAVE_STDINT_H
| # include <stdint.h>
| #endif
| #ifdef HAVE_UNISTD_H
| # include <unistd.h>
| #endif
| #include <cppad/cppad.hpp>
configure:20917: result: no
configure:20917: checking cppad/cppad.hpp presence
configure:20917: clang++ -E  conftest.cpp
conftest.cpp:29:10: fatal error: 'cppad/cppad.hpp' file not found
#include <cppad/cppad.hpp>
         ^~~~~~~~~~~~~~~~~
1 error generated.
configure:20917: $? = 1
configure: failed program was:
| /* confdefs.h */
| #define PACKAGE_NAME "adept"
| #define PACKAGE_TARNAME "adept"
| #define PACKAGE_VERSION "2.0.5"
| #define PACKAGE_STRING "adept 2.0.5"
| #define PACKAGE_BUGREPORT "r.j.hogan@ecmwf.int"
| #define PACKAGE_URL "http://www.met.reading.ac.uk/clouds/adept/"
| #define PACKAGE "adept"
| #define VERSION "2.0.5"
| #define STDC_HEADERS 1
| #define HAVE_SYS_TYPES_H 1
| #define HAVE_SYS_STAT_H 1
| #define HAVE_STDLIB_H 1
| #define HAVE_STRING_H 1
| #define HAVE_MEMORY_H 1
| #define HAVE_STRINGS_H 1
| #define HAVE_INTTYPES_H 1
| #define HAVE_STDINT_H 1
| #define HAVE_UNISTD_H 1
| #define HAVE_DLFCN_H 1
| #define LT_OBJDIR ".libs/"
| #define HAVE_SYS_TIME_H 1
| #define HAVE_GETTIMEOFDAY 1
| #define HAVE_POW 1
| #define HAVE_SQRT 1
| #define HAVE_BLAS 1
| #define HAVE_LAPACK 1
| /* end confdefs.h.  */
| #include <cppad/cppad.hpp>
configure:20917: result: no
configure:20917: checking for cppad/cppad.hpp
configure:20917: result: no
configure:21068: checking that generated files are newer than configure
configure:21074: result: done
configure:21101: creating ./config.status

## ---------------------- ##
## Running config.status. ##
## ---------------------- ##

This file was extended by adept config.status 2.0.5, which was
generated by GNU Autoconf 2.69.  Invocation command line was

  CONFIG_FILES    = 
  CONFIG_HEADERS  = 
  CONFIG_LINKS    = 
  CONFIG_COMMANDS = 
  $ ./config.status 

on ip-172-31-43-62

config.status:1222: creating Makefile
config.status:1222: creating makefile_include
config.status:1222: creating adept/Makefile
config.status:1222: creating include/Makefile
config.status:1222: creating benchmark/Makefile
config.status:1222: creating config.h
config.status:1403: config.h is unchanged
config.status:1222: creating config_platform_independent.h
config.status:1403: config_platform_independent.h is unchanged
config.status:1451: executing depfiles commands
config.status:1451: executing libtool commands
configure:23839: ********************* Summary **************************************
configure:23841:   CXX = clang++ 
configure:23843:   CPPFLAGS = 
configure:23845:   CXXFLAGS = -g -O2 
configure:23847:   LDFLAGS =  
configure:23849:   LIBS = -llapack -lblas 
configure:23851: Typing "make; make install" will install Adept header files in ${prefix}/include
configure:23853: and the static and shared libraries as ${exec_prefix}/lib/libadept.*, where
configure:23855: prefix=/usr/local
configure:23857: ********************* Libraries used by Adept **********************
configure:23862: BLAS (Basic Linear Algebra Subprograms) will be used: BLAS_LIBS = -lblas
configure:23876: LAPACK (Linear Algebra Package) will be used: LAPACK_LIBS = -llapack
configure:23884: ********************* Libraries used by test programs **************
configure:23889: GNU Scientific Library (GSL) not found; Adept will compile all the
configure:23891: example programs except test/test_gsl_interface.
configure:23901: ********************* Benchmark program ****************************
configure:23903: The benchmarking program, "benchmark/advection_benchmark", will be
configure:23905: compiled with support for these automatic differentiation libraries:
configure:23907:    Adept: yes
configure:23915:    ADOLC: no
configure:23925:    CppAD: no
configure:23932:    Sacado: no
configure:23940: ********************* Top tips *************************************
configure:23942: To use a higher than default optimization level, call this configure
configure:23944: script with something like: ./configure "CXXFLAGS=-g -O3"
configure:23946: If you have libraries in non-standard locations, specify their location
configure:23948: by calling this script with something like:
configure:23950:   ./configure CPPFLAGS=-I/local/include LDFLAGS="-L/local/lib -Wl,-rpath,/local/lib"
configure:23952: The rpath argument is especially useful for locating the BLAS and LAPACK
configure:23954: libraries if they are in non-standard locations, so that executables
configure:23956: built with Adept do not need to use the LD_LIBRARY_PATH environment
configure:23958: variable to specify their locations at run-time.
configure:23960: ********************************************************************

## ---------------- ##
## Cache variables. ##
## ---------------- ##

ac_cv_build=x86_64-unknown-linux-gnu
ac_cv_c_compiler_gnu=yes
ac_cv_cxx_compiler_gnu=yes
ac_cv_env_CCC_set=
ac_cv_env_CCC_value=
ac_cv_env_CC_set=
ac_cv_env_CC_value=
ac_cv_env_CFLAGS_set=set
ac_cv_env_CFLAGS_value=-DADEPT_THREAD_LOCAL
ac_cv_env_CPPFLAGS_set=
ac_cv_env_CPPFLAGS_value=
ac_cv_env_CPP_set=
ac_cv_env_CPP_value=
ac_cv_env_CXXCPP_set=
ac_cv_env_CXXCPP_value=
ac_cv_env_CXXFLAGS_set=
ac_cv_env_CXXFLAGS_value=
ac_cv_env_CXX_set=set
ac_cv_env_CXX_value=clang++
ac_cv_env_F77_set=
ac_cv_env_F77_value=
ac_cv_env_FFLAGS_set=
ac_cv_env_FFLAGS_value=
ac_cv_env_LDFLAGS_set=
ac_cv_env_LDFLAGS_value=
ac_cv_env_LIBS_set=
ac_cv_env_LIBS_value=
ac_cv_env_build_alias_set=
ac_cv_env_build_alias_value=
ac_cv_env_host_alias_set=
ac_cv_env_host_alias_value=
ac_cv_env_target_alias_set=
ac_cv_env_target_alias_value=
ac_cv_f77_compiler_gnu=yes
ac_cv_f77_dummy_main=none
ac_cv_f77_libs=' -L/usr/lib/gcc/x86_64-linux-gnu/4.8 -L/usr/lib/gcc/x86_64-linux-gnu/4.8/../../../x86_64-linux-gnu -L/usr/lib/gcc/x86_64-linux-gnu/4.8/../../../../lib -L/lib/x86_64-linux-gnu -L/lib/../lib -L/usr/lib/x86_64-linux-gnu -L/usr/lib/../lib -L/usr/lib/gcc/x86_64-linux-gnu/4.8/../../.. -lgfortran -lm -lquadmath'
ac_cv_f77_mangling='lower case, underscore, no extra underscore'
ac_cv_fortran_dummy_main=none
ac_cv_func_cheev_=no
ac_cv_func_gettimeofday=yes
ac_cv_func_pow=yes
ac_cv_func_sqrt=yes
ac_cv_header_adolc_adolc_h=no
ac_cv_header_cppad_cppad_hpp=no
ac_cv_header_dlfcn_h=yes
ac_cv_header_inttypes_h=yes
ac_cv_header_memory_h=yes
ac_cv_header_stdc=yes
ac_cv_header_stdint_h=yes
ac_cv_header_stdlib_h=yes
ac_cv_header_string_h=yes
ac_cv_header_strings_h=yes
ac_cv_header_sys_stat_h=yes
ac_cv_header_sys_time_h=yes
ac_cv_header_sys_types_h=yes
ac_cv_header_unistd_h=yes
ac_cv_host=x86_64-unknown-linux-gnu
ac_cv_lib_adolc_tapestats=no
ac_cv_lib_atlas_ATL_xerbla=no
ac_cv_lib_blas_sgemm_=yes
ac_cv_lib_complib_sgimath_sgemm_=no
ac_cv_lib_cxml_sgemm_=no
ac_cv_lib_dgemm_dgemm_=no
ac_cv_lib_dxml_sgemm_=no
ac_cv_lib_essl_sgemm_=no
ac_cv_lib_gsl_gsl_multimin_fdfminimizer_alloc=no
ac_cv_lib_lapack___cheev_=yes
ac_cv_lib_mkl_intel_lp64_sgemm_=no
ac_cv_lib_mkl_sgemm_=no
ac_cv_lib_openblas_sgemm_=no
ac_cv_lib_scs_sgemm_=no
ac_cv_objext=o
ac_cv_path_EGREP='/bin/grep -E'
ac_cv_path_FGREP='/bin/grep -F'
ac_cv_path_GREP=/bin/grep
ac_cv_path_SED=/bin/sed
ac_cv_path_install='/usr/bin/install -c'
ac_cv_path_mkdir=/bin/mkdir
ac_cv_prog_AWK=gawk
ac_cv_prog_CPP='gcc -E'
ac_cv_prog_CXXCPP='clang++ -E'
ac_cv_prog_ac_ct_AR=ar
ac_cv_prog_ac_ct_CC=gcc
ac_cv_prog_ac_ct_F77=gfortran
ac_cv_prog_ac_ct_MANIFEST_TOOL=mt
ac_cv_prog_ac_ct_OBJDUMP=objdump
ac_cv_prog_ac_ct_RANLIB=ranlib
ac_cv_prog_ac_ct_STRIP=strip
ac_cv_prog_cc_c89=
ac_cv_prog_cc_g=yes
ac_cv_prog_cxx_g=yes
ac_cv_prog_cxx_openmp=unsupported
ac_cv_prog_f77_g=yes
ac_cv_prog_f77_v=-v
ac_cv_prog_make_make_set=yes
am_cv_CC_dependencies_compiler_type=gcc3
am_cv_CXX_dependencies_compiler_type=gcc3
am_cv_ar_interface=ar
am_cv_make_support_nested_variables=yes
am_cv_prog_cc_c_o=yes
lt_cv_ar_at_file=@
lt_cv_archive_cmds_need_lc=no
lt_cv_deplibs_check_method=pass_all
lt_cv_file_magic_cmd='$MAGIC_CMD'
lt_cv_file_magic_test_file=
lt_cv_ld_reload_flag=-r
lt_cv_nm_interface='BSD nm'
lt_cv_objdir=.libs
lt_cv_path_LD=/usr/bin/ld
lt_cv_path_LDCXX='/usr/bin/ld -m elf_x86_64'
lt_cv_path_NM='/usr/bin/nm -B'
lt_cv_path_mainfest_tool=no
lt_cv_prog_compiler_c_o=yes
lt_cv_prog_compiler_c_o_CXX=yes
lt_cv_prog_compiler_c_o_F77=yes
lt_cv_prog_compiler_pic='-fPIC -DPIC'
lt_cv_prog_compiler_pic_CXX='-fPIC -DPIC'
lt_cv_prog_compiler_pic_F77=-fPIC
lt_cv_prog_compiler_pic_works=yes
lt_cv_prog_compiler_pic_works_CXX=yes
lt_cv_prog_compiler_pic_works_F77=yes
lt_cv_prog_compiler_rtti_exceptions=no
lt_cv_prog_compiler_static_works=yes
lt_cv_prog_compiler_static_works_CXX=yes
lt_cv_prog_compiler_static_works_F77=yes
lt_cv_prog_gnu_ld=yes
lt_cv_prog_gnu_ldcxx=yes
lt_cv_sharedlib_from_linklib_cmd='printf %s\n'
lt_cv_shlibpath_overrides_runpath=no
lt_cv_sys_global_symbol_pipe='sed -n -e '\''s/^.*[	 ]\([ABCDGIRSTW][ABCDGIRSTW]*\)[	 ][	 ]*\([_A-Za-z][_A-Za-z0-9]*\)$/\1 \2 \2/p'\'' | sed '\''/ __gnu_lto/d'\'''
lt_cv_sys_global_symbol_to_c_name_address='sed -n -e '\''s/^: \([^ ]*\)[ ]*$/  {\"\1\", (void *) 0},/p'\'' -e '\''s/^[ABCDGIRSTW]* \([^ ]*\) \([^ ]*\)$/  {"\2", (void *) \&\2},/p'\'''
lt_cv_sys_global_symbol_to_c_name_address_lib_prefix='sed -n -e '\''s/^: \([^ ]*\)[ ]*$/  {\"\1\", (void *) 0},/p'\'' -e '\''s/^[ABCDGIRSTW]* \([^ ]*\) \(lib[^ ]*\)$/  {"\2", (void *) \&\2},/p'\'' -e '\''s/^[ABCDGIRSTW]* \([^ ]*\) \([^ ]*\)$/  {"lib\2", (void *) \&\2},/p'\'''
lt_cv_sys_global_symbol_to_cdecl='sed -n -e '\''s/^T .* \(.*\)$/extern int \1();/p'\'' -e '\''s/^[ABCDGIRSTW]* .* \(.*\)$/extern char \1;/p'\'''
lt_cv_sys_max_cmd_len=1572864
lt_cv_to_host_file_cmd=func_convert_file_noop
lt_cv_to_tool_file_cmd=func_convert_file_noop

## ----------------- ##
## Output variables. ##
## ----------------- ##

ACLOCAL='aclocal-1.14'
AMDEPBACKSLASH='\'
AMDEP_FALSE='#'
AMDEP_TRUE=''
AMTAR='$${TAR-tar}'
AM_BACKSLASH='\'
AM_CXXFLAGS=''
AM_DEFAULT_V='$(AM_DEFAULT_VERBOSITY)'
AM_DEFAULT_VERBOSITY='1'
AM_V='$(V)'
AR='ar'
AUTOCONF='autoconf'
AUTOHEADER='autoheader'
AUTOMAKE='automake-1.14'
AWK='gawk'
BLAS_LIBS='-lblas'
CC='gcc'
CCDEPMODE='depmode=gcc3'
CFLAGS='-DADEPT_THREAD_LOCAL'
CPP='gcc -E'
CPPFLAGS=''
CXX='clang++'
CXXCPP='clang++ -E'
CXXDEPMODE='depmode=gcc3'
CXXFLAGS='-g -O2'
CYGPATH_W='echo'
DEFS='-DHAVE_CONFIG_H'
DEPDIR='.deps'
DLLTOOL='false'
DSYMUTIL=''
DUMPBIN=''
ECHO_C=''
ECHO_N='-n'
ECHO_T=''
EGREP='/bin/grep -E'
EXEEXT=''
F77='gfortran'
FFLAGS='-g -O2'
FGREP='/bin/grep -F'
FLIBS=' -L/usr/lib/gcc/x86_64-linux-gnu/4.8 -L/usr/lib/gcc/x86_64-linux-gnu/4.8/../../../x86_64-linux-gnu -L/usr/lib/gcc/x86_64-linux-gnu/4.8/../../../../lib -L/lib/x86_64-linux-gnu -L/lib/../lib -L/usr/lib/x86_64-linux-gnu -L/usr/lib/../lib -L/usr/lib/gcc/x86_64-linux-gnu/4.8/../../.. -lgfortran -lm -lquadmath'
GREP='/bin/grep'
INSTALL_DATA='${INSTALL} -m 644'
INSTALL_PROGRAM='${INSTALL}'
INSTALL_SCRIPT='${INSTALL}'
INSTALL_STRIP_PROGRAM='$(install_sh) -c -s'
LAPACK_LIBS='-llapack'
LD='/usr/bin/ld -m elf_x86_64'
LDFLAGS=''
LIBOBJS=''
LIBS='-llapack -lblas '
LIBTOOL='$(SHELL) $(top_builddir)/libtool'
LIPO=''
LN_S='ln -s'
LTLIBOBJS=''
MAKEINFO='makeinfo'
MANIFEST_TOOL=':'
MKDIR_P='/bin/mkdir -p'
NM='/usr/bin/nm -B'
NMEDIT=''
OBJDUMP='objdump'
OBJEXT='o'
OPENMP_CXXFLAGS=''
OTOOL64=''
OTOOL=''
PACKAGE='adept'
PACKAGE_BUGREPORT='r.j.hogan@ecmwf.int'
PACKAGE_NAME='adept'
PACKAGE_STRING='adept 2.0.5'
PACKAGE_TARNAME='adept'
PACKAGE_URL='http://www.met.reading.ac.uk/clouds/adept/'
PACKAGE_VERSION='2.0.5'
PATH_SEPARATOR=':'
RANLIB='ranlib'
SED='/bin/sed'
SET_MAKE=''
SHELL='/bin/bash'
STRIP='strip'
USE_GSL='no'
VERSION='2.0.5'
ac_ct_AR='ar'
ac_ct_CC='gcc'
ac_ct_CXX=''
ac_ct_DUMPBIN=''
ac_ct_F77='gfortran'
am__EXEEXT_FALSE=''
am__EXEEXT_TRUE='#'
am__fastdepCC_FALSE='#'
am__fastdepCC_TRUE=''
am__fastdepCXX_FALSE='#'
am__fastdepCXX_TRUE=''
am__include='include'
am__isrc=''
am__leading_dot='.'
am__nodep='_no'
am__quote=''
am__tar='$${TAR-tar} chof - "$$tardir"'
am__untar='$${TAR-tar} xf -'
bindir='${exec_prefix}/bin'
build='x86_64-unknown-linux-gnu'
build_alias=''
build_cpu='x86_64'
build_os='linux-gnu'
build_vendor='unknown'
datadir='${datarootdir}'
datarootdir='${prefix}/share'
docdir='${datarootdir}/doc/${PACKAGE_TARNAME}'
dvidir='${docdir}'
exec_prefix='${prefix}'
host='x86_64-unknown-linux-gnu'
host_alias=''
host_cpu='x86_64'
host_os='linux-gnu'
host_vendor='unknown'
htmldir='${docdir}'
includedir='${prefix}/include'
infodir='${datarootdir}/info'
install_sh='${SHELL} /efs/home/tfk/tfkgcn/adept-2.0.5/install-sh'
libdir='${exec_prefix}/lib'
libexecdir='${exec_prefix}/libexec'
localedir='${datarootdir}/locale'
localstatedir='${prefix}/var'
mandir='${datarootdir}/man'
mkdir_p='$(MKDIR_P)'
oldincludedir='/usr/include'
pdfdir='${docdir}'
prefix='/usr/local'
program_transform_name='s,x,x,'
psdir='${docdir}'
sbindir='${exec_prefix}/sbin'
sharedstatedir='${prefix}/com'
sysconfdir='${prefix}/etc'
target_alias=''

## ----------- ##
## confdefs.h. ##
## ----------- ##

/* confdefs.h */
#define PACKAGE_NAME "adept"
#define PACKAGE_TARNAME "adept"
#define PACKAGE_VERSION "2.0.5"
#define PACKAGE_STRING "adept 2.0.5"
#define PACKAGE_BUGREPORT "r.j.hogan@ecmwf.int"
#define PACKAGE_URL "http://www.met.reading.ac.uk/clouds/adept/"
#define PACKAGE "adept"
#define VERSION "2.0.5"
#define STDC_HEADERS 1
#define HAVE_SYS_TYPES_H 1
#define HAVE_SYS_STAT_H 1
#define HAVE_STDLIB_H 1
#define HAVE_STRING_H 1
#define HAVE_MEMORY_H 1
#define HAVE_STRINGS_H 1
#define HAVE_INTTYPES_H 1
#define HAVE_STDINT_H 1
#define HAVE_UNISTD_H 1
#define HAVE_DLFCN_H 1
#define LT_OBJDIR ".libs/"
#define HAVE_SYS_TIME_H 1
#define HAVE_GETTIMEOFDAY 1
#define HAVE_POW 1
#define HAVE_SQRT 1
#define HAVE_BLAS 1
#define HAVE_LAPACK 1
#define CXX "clang++"
#define CXXFLAGS "-g -O2"
#define BLAS_LIBS "-lblas"

configure: exit 0
